2018-03-02T13:54:09.6164340-05:00 [INFO]: Initializing Game object.
2018-03-02T13:54:11.4536790-05:00 [INFO]: Boar Hunt mode selected.
2018-03-02T13:54:11.4573230-05:00 [INFO]: Setting up game...
2018-03-02T13:54:11.4679630-05:00 [INFO]: Creating Player 1 as a human player.
2018-03-02T13:54:11.4706650-05:00 [INFO]: Creating Player 2 as a human player.
2018-03-02T13:54:11.4726350-05:00 [INFO]: Creating Player 3 as a human player.
2018-03-02T13:54:11.4750770-05:00 [INFO]: Creating Player 4 as a human player.
2018-03-02T13:54:11.8996990-05:00 [INFO]: Created adventure deck with 117 cards.
2018-03-02T13:54:11.9990000-05:00 [INFO]: Created story deck with 5 cards.
2018-03-02T13:54:12.0020550-05:00 [INFO]: Dealing 12 cards from adventure deck to each player.
2018-03-02T13:54:12.0083940-05:00 [INFO]: Loading player: 1
2018-03-02T13:54:12.2621070-05:00 [INFO]: Cleaning cards from stages.
2018-03-02T13:54:13.6786490-05:00 [INFO]: Drawing a story card...
2018-03-02T13:54:13.6821660-05:00 [INFO]: A quest card was drawn: Boar Hunt
2018-03-02T13:54:13.6887490-05:00 [INFO]: Displaying sponsor prompt!
2018-03-02T13:54:14.6746610-05:00 [INFO]: Player 1 decided to sponsor the quest.
2018-03-02T13:54:14.6775490-05:00 [INFO]: Setting up stages for quest: Boar Hunt
2018-03-02T13:54:21.3274060-05:00 [INFO]: Using low power for Green Knight because it is NOT featured.
2018-03-02T13:54:21.3304160-05:00 [INFO]: Using low power for Robber Knight because it is NOT featured.
2018-03-02T13:54:21.3341120-05:00 [WARN]: Quest setup is invalid: not ascending power level.
2018-03-02T13:54:26.7266600-05:00 [INFO]: Using low power for Robber Knight because it is NOT featured.
2018-03-02T13:54:26.7282790-05:00 [INFO]: Using low power for Green Knight because it is NOT featured.
2018-03-02T13:54:26.7324240-05:00 [INFO]: Loading player: 2
2018-03-02T13:54:26.8350810-05:00 [INFO]: Displaying join quest prompt!
2018-03-02T13:54:28.2591550-05:00 [INFO]: Player 2 decided to join the quest.
2018-03-02T13:54:28.2622320-05:00 [INFO]: Displaying join quest prompt!
2018-03-02T13:54:28.2650900-05:00 [INFO]: Loading player: 3
2018-03-02T13:54:28.8894890-05:00 [INFO]: Player 3 decided to join the quest.
2018-03-02T13:54:28.8927840-05:00 [INFO]: Displaying join quest prompt!
2018-03-02T13:54:28.8954010-05:00 [INFO]: Loading player: 4
2018-03-02T13:54:29.5042830-05:00 [INFO]: Player 4 decided to join the quest.
2018-03-02T13:54:29.5074340-05:00 [INFO]: Giving Player 2 one adventure card for joining the quest.
2018-03-02T13:54:29.5103640-05:00 [INFO]: Giving Player 3 one adventure card for joining the quest.
2018-03-02T13:54:29.5128460-05:00 [INFO]: Giving Player 4 one adventure card for joining the quest.
2018-03-02T13:54:29.5153420-05:00 [INFO]: Moving to setup weapons state.
2018-03-02T13:54:29.5180460-05:00 [INFO]: Loading player: 2
2018-03-02T13:54:31.5322150-05:00 [INFO]: There are too many cards in Player 1's hand, they must discard or play.
2018-03-02T13:54:33.7612490-05:00 [INFO]: Player 2 discarded: Horse
2018-03-02T13:54:33.7650190-05:00 [INFO]: Loading player: 3
2018-03-02T13:54:36.4047600-05:00 [INFO]: Loading player: 4
2018-03-02T13:54:40.2941400-05:00 [INFO]: All playing players have setup weapons for stage 1
2018-03-02T13:54:40.2957540-05:00 [INFO]: Flipping cards in stage 1
2018-03-02T13:54:40.2980840-05:00 [INFO]: Stage 1 has a power level of 15.
2018-03-02T13:54:40.2994750-05:00 [INFO]: Player 2 has a power level of 5.
2018-03-02T13:54:40.3007860-05:00 [INFO]: Player 2 died on stage 1.
2018-03-02T13:54:40.3022870-05:00 [INFO]: Loading player: 2
2018-03-02T13:54:41.1270980-05:00 [INFO]: Stage 1 has a power level of 15.
2018-03-02T13:54:41.1305100-05:00 [INFO]: Player 3 has a power level of 25.
2018-03-02T13:54:41.1333890-05:00 [INFO]: Player 3 passed stage 1.
2018-03-02T13:54:41.1361970-05:00 [INFO]: Loading player: 3
2018-03-02T13:54:41.8092600-05:00 [INFO]: Stage 1 has a power level of 15.
2018-03-02T13:54:41.8122240-05:00 [INFO]: Player 4 has a power level of 15.
2018-03-02T13:54:41.8151100-05:00 [INFO]: Player 4 died on stage 1.
2018-03-02T13:54:41.8178470-05:00 [INFO]: Loading player: 4
2018-03-02T13:54:42.7025990-05:00 [INFO]: Swithing back to setup weapons state.
2018-03-02T13:54:42.7054530-05:00 [INFO]: Giving Player 3 an adventure card for passing the stage.
2018-03-02T13:54:42.7082020-05:00 [INFO]: Loading player: 3
2018-03-02T13:54:45.8808790-05:00 [INFO]: All playing players have setup weapons for stage 2
2018-03-02T13:54:45.8823080-05:00 [INFO]: Flipping cards in stage 2
2018-03-02T13:54:45.8834260-05:00 [INFO]: Stage 2 has a power level of 40.
2018-03-02T13:54:45.8846050-05:00 [INFO]: Player 3 has a power level of 25.
2018-03-02T13:54:45.8863690-05:00 [INFO]: Player 3 died on stage 2.
2018-03-02T13:54:45.8885270-05:00 [INFO]: Loading player: 3
2018-03-02T13:54:49.0893980-05:00 [INFO]: Quest is over and everyone died!	
2018-03-02T13:54:49.0911230-05:00 [INFO]: Quest has been fully reset and ended.
2018-03-02T13:54:49.0936710-05:00 [INFO]: Loading player: 2
2018-03-02T13:54:49.1780770-05:00 [INFO]: Cleaning cards from stages.
2018-03-02T13:54:49.5903370-05:00 [INFO]: Player 2 must draw a card before ending their turn.
2018-03-02T13:54:50.6705110-05:00 [INFO]: Drawing a story card...
2018-03-02T13:54:50.6738610-05:00 [INFO]: A event card was drawn: Prosperity Throughout the Realm
2018-03-02T13:54:50.6770880-05:00 [INFO]: Handling event card: Prosperity Throughout the Realm
2018-03-02T13:54:51.7826190-05:00 [INFO]: Handling event card: Prosperity Throughout the Realm
2018-03-02T13:54:51.7846050-05:00 [INFO]: Loading player: 3
2018-03-02T13:54:51.9024180-05:00 [INFO]: Cleaning cards from stages.
2018-03-02T13:54:55.9580520-05:00 [INFO]: Drawing a story card...
2018-03-02T13:54:55.9748640-05:00 [INFO]: A event card was drawn: Chivalrous Deed
2018-03-02T13:54:55.9779730-05:00 [INFO]: Player 3 discarded: Robber Knight
2018-03-02T13:54:55.9807070-05:00 [INFO]: Player 3 discarded: Boar
2018-03-02T13:54:55.9835090-05:00 [INFO]: Handling event card: Chivalrous Deed
2018-03-02T13:54:57.5544950-05:00 [INFO]: Handling event card: Chivalrous Deed
2018-03-02T13:54:57.5570000-05:00 [INFO]: Loading player: 4
2018-03-02T13:54:57.6272720-05:00 [INFO]: Cleaning cards from stages.
2018-03-02T13:55:01.2440720-05:00 [INFO]: Player 4 must draw a card before ending their turn.
2018-03-02T13:55:03.3235400-05:00 [INFO]: Drawing a story card...
2018-03-02T13:55:03.3256930-05:00 [INFO]: A event card was drawn: Queen's Favor
2018-03-02T13:55:03.3282090-05:00 [INFO]: Player 4 discarded: Amour
2018-03-02T13:55:03.3294740-05:00 [INFO]: Player 4 discarded: Amour
2018-03-02T13:55:03.3308620-05:00 [INFO]: Handling event card: Queen's Favor
2018-03-02T13:55:04.0870560-05:00 [INFO]: Handling event card: Queen's Favor
2018-03-02T13:55:04.0896050-05:00 [INFO]: Loading player: 1
2018-03-02T13:55:04.2314410-05:00 [INFO]: Cleaning cards from stages.
2018-03-02T13:55:10.9876680-05:00 [INFO]: Drawing a story card...
2018-03-02T13:55:10.9891290-05:00 [INFO]: The check has ran out, reshuffling the deck!
2018-03-02T13:55:10.9904770-05:00 [INFO]: A event card was drawn: Queen's Favor
2018-03-02T13:55:10.9919170-05:00 [INFO]: Player 1 discarded: Saxons
2018-03-02T13:55:10.9935120-05:00 [INFO]: Player 1 discarded: Horse
2018-03-02T13:55:10.9947960-05:00 [INFO]: Player 1 discarded: Black Knight
2018-03-02T13:55:10.9962180-05:00 [INFO]: Player 1 discarded: Saxons
2018-03-02T13:55:10.9974790-05:00 [INFO]: Player 1 discarded: Queen Guinevere
2018-03-02T13:55:10.9988640-05:00 [INFO]: Handling event card: Queen's Favor
2018-03-02T13:55:11.6889950-05:00 [INFO]: Handling event card: Queen's Favor
2018-03-02T13:55:11.6916540-05:00 [INFO]: Loading player: 2
2018-03-02T13:55:11.8475210-05:00 [INFO]: Cleaning cards from stages.
