2018-04-05T10:54:35.6495990-04:00 [INFO]: Connecting to server
2018-04-05T10:54:36.1971720-04:00 [INFO]: Conected
2018-04-05T10:54:36.2279080-04:00 [INFO]: Conected to lobby
2018-04-05T10:54:36.2322130-04:00 [INFO]: Created Game
2018-04-05T10:54:36.6462880-04:00 [INFO]: Player Connected to Game
2018-04-05T10:55:28.3894290-04:00 [INFO]: Initializing Game object.
2018-04-05T10:55:28.3919560-04:00 [INFO]: Normal mode selected.
2018-04-05T10:55:28.3944940-04:00 [INFO]: Setting up game...
2018-04-05T10:55:28.6162250-04:00 [INFO]: Created adventure deck with 125 cards.
2018-04-05T10:55:28.6228030-04:00 [INFO]: Created story deck with 5 cards.
2018-04-05T10:55:28.9056020-04:00 [INFO]: Dealing 12 cards from adventure deck to each player.
2018-04-05T10:55:28.9204300-04:00 [INFO]: Loading player: 1
2018-04-05T10:55:29.0928320-04:00 [INFO]: Cleaning cards from stages.
2018-04-05T10:55:15.2368170-04:00 [INFO]: Drawing a story card...
2018-04-05T10:55:15.2440380-04:00 [INFO]: A quest card was drawn: Boar Hunt
2018-04-05T10:55:15.2483680-04:00 [INFO]: Displaying sponsor prompt!
2018-04-05T10:55:16.1920320-04:00 [INFO]: Player 1 decided to sponsor the quest.
2018-04-05T10:55:16.1948310-04:00 [INFO]: Setting up stages for quest: Boar Hunt
2018-04-05T16:21:42.6075750-04:00 [INFO]: Connecting to server
2018-04-05T16:21:43.2929360-04:00 [INFO]: Conected
2018-04-05T16:21:43.3342860-04:00 [INFO]: Conected to lobby
2018-04-05T16:21:43.3436900-04:00 [INFO]: Created Game
2018-04-05T16:21:43.7274110-04:00 [INFO]: Player Connected to Game
2018-04-05T16:21:50.9039630-04:00 [INFO]: Initializing Game object.
2018-04-05T16:21:50.9057560-04:00 [INFO]: Normal mode selected.
2018-04-05T16:21:50.9075000-04:00 [INFO]: Setting up game...
2018-04-05T16:21:51.0535610-04:00 [INFO]: Created adventure deck with 125 cards.
2018-04-05T16:21:51.0598240-04:00 [INFO]: Created story deck with 5 cards.
2018-04-05T16:21:51.3040390-04:00 [INFO]: Dealing 12 cards from adventure deck to each player.
2018-04-05T16:21:51.3156620-04:00 [INFO]: Loading player: 1
2018-04-05T16:21:51.4416080-04:00 [INFO]: Cleaning cards from stages.
2018-04-05T16:21:56.1087070-04:00 [INFO]: Drawing a story card...
2018-04-05T16:21:56.1182060-04:00 [INFO]: A quest card was drawn: Boar Hunt
2018-04-05T16:21:56.1232830-04:00 [INFO]: Displaying sponsor prompt!
2018-04-05T16:23:03.1520060-04:00 [INFO]: Connecting to server
2018-04-05T16:23:03.7018090-04:00 [INFO]: Conected
2018-04-05T16:23:03.7468730-04:00 [INFO]: Conected to lobby
2018-04-05T16:23:16.6863450-04:00 [INFO]: Connecting to server
2018-04-05T16:23:17.2455430-04:00 [INFO]: Conected
2018-04-05T16:23:17.3186070-04:00 [INFO]: Conected to lobby
2018-04-05T16:23:17.3228820-04:00 [INFO]: Created Game
2018-04-05T16:23:17.6389940-04:00 [INFO]: Player Connected to Game
2018-04-05T16:23:23.5161570-04:00 [INFO]: Initializing Game object.
2018-04-05T16:23:23.5182720-04:00 [INFO]: Normal mode selected.
2018-04-05T16:23:23.5204980-04:00 [INFO]: Setting up game...
2018-04-05T16:23:23.7054200-04:00 [INFO]: Created adventure deck with 125 cards.
2018-04-05T16:23:23.7142580-04:00 [INFO]: Created story deck with 5 cards.
2018-04-05T16:23:24.0047730-04:00 [INFO]: Dealing 12 cards from adventure deck to each player.
2018-04-05T16:23:24.0195870-04:00 [INFO]: Loading player: 1
2018-04-05T16:23:24.1571160-04:00 [INFO]: Cleaning cards from stages.
2018-04-05T16:23:26.2252160-04:00 [INFO]: Drawing a story card...
2018-04-05T16:23:26.2308860-04:00 [INFO]: A quest card was drawn: Boar Hunt
2018-04-05T16:23:26.2395210-04:00 [INFO]: Displaying sponsor prompt!
2018-04-05T16:23:27.9241590-04:00 [INFO]: Player 1 decided to sponsor the quest.
2018-04-05T16:23:27.9266490-04:00 [INFO]: Setting up stages for quest: Boar Hunt
2018-04-05T16:23:34.0106650-04:00 [INFO]: Using low power for Mordred because it is NOT featured.
2018-04-05T16:23:34.0130510-04:00 [INFO]: Using low power for Giant because it is NOT featured.
2018-04-05T16:23:34.0207190-04:00 [INFO]: Sponsor draws: 21 cards
2018-04-05T16:23:34.0226710-04:00 [INFO]: Sponsor draws: 21 cards
2018-04-05T16:23:34.0246280-04:00 [INFO]: Sponsor draws: 21 cards
2018-04-05T16:23:34.0306700-04:00 [INFO]: Loading player: 2
2018-04-05T16:23:34.1147320-04:00 [INFO]: Displaying join quest prompt!
2018-04-05T16:23:37.0947510-04:00 [INFO]: Player 2 decided to join the quest.
2018-04-05T16:23:37.0990300-04:00 [INFO]: Giving Player 2 one adventure card for joining the quest.
2018-04-05T16:23:37.1006330-04:00 [INFO]: Moving to setup weapons state.
2018-04-05T16:23:37.1020610-04:00 [INFO]: Loading player: 2
2018-04-05T16:23:46.9840840-04:00 [INFO]: There are too many cards in Player 1's hand, they must discard or play.
2018-04-05T16:23:47.0353140-04:00 [INFO]: All playing players have setup weapons for stage 1
2018-04-05T16:23:47.0389410-04:00 [INFO]: Flipping cards in stage 1
2018-04-05T16:23:47.0410560-04:00 [INFO]: Stage 1 has a power level of 30.
2018-04-05T16:23:47.0425770-04:00 [INFO]: Player 2 has a power level of 40.
2018-04-05T16:23:47.0441150-04:00 [INFO]: Player 2 passed stage 1.
2018-04-05T16:23:47.0457670-04:00 [INFO]: Loading player: 2
2018-04-05T16:23:48.0486890-04:00 [INFO]: Swithing back to setup weapons state.
2018-04-05T16:23:48.0527480-04:00 [INFO]: Giving Player 2 an adventure card for passing the stage.
2018-04-05T16:23:48.0542520-04:00 [INFO]: Loading player: 2
2018-04-05T16:23:54.4190470-04:00 [INFO]: All playing players have setup weapons for stage 2
2018-04-05T16:23:54.4229080-04:00 [INFO]: Flipping cards in stage 2
2018-04-05T16:23:54.4242890-04:00 [INFO]: Stage 2 has a power level of 40.
2018-04-05T16:23:54.4257940-04:00 [INFO]: Player 2 has a power level of 5.
2018-04-05T16:23:54.4273850-04:00 [INFO]: Player 2 died on stage 2.
2018-04-05T16:23:54.4290790-04:00 [INFO]: Loading player: 2
2018-04-05T16:23:54.5217730-04:00 [INFO]: Quest is over and everyone died!	
2018-04-05T16:23:54.5233310-04:00 [INFO]: Quest has been fully reset and ended.
2018-04-05T16:23:54.5290640-04:00 [INFO]: Loading player: 2
2018-04-05T16:23:54.5830320-04:00 [INFO]: Cleaning cards from stages.
2018-04-05T16:23:56.9712090-04:00 [INFO]: Drawing a story card...
2018-04-05T16:23:56.9738300-04:00 [INFO]: A event card was drawn: Chivalrous Deed
2018-04-05T16:23:56.9756000-04:00 [INFO]: Handling event card: Chivalrous Deed
2018-04-05T16:23:58.4380320-04:00 [INFO]: Handling event card: Chivalrous Deed
2018-04-05T16:23:58.4469920-04:00 [INFO]: Loading player: 1
2018-04-05T16:23:58.5275990-04:00 [INFO]: Cleaning cards from stages.
2018-04-05T16:24:00.0895650-04:00 [INFO]: Drawing a story card...
2018-04-05T16:24:00.0961200-04:00 [INFO]: A event card was drawn: Prosperity Throughout the Realm
2018-04-05T16:24:00.0988230-04:00 [INFO]: There are too many cards in Player 1's hand, they must discard or play.
2018-04-05T16:24:10.1942570-04:00 [INFO]: Player 1 discarded: Saxon Knight
2018-04-05T16:24:10.1956570-04:00 [INFO]: Player 1 discarded: Robber Knight
2018-04-05T16:24:10.1969820-04:00 [INFO]: Player 1 discarded: Lance
2018-04-05T16:24:13.1715900-04:00 [INFO]: Handling event card: Prosperity Throughout the Realm
2018-04-05T16:24:15.1327060-04:00 [INFO]: Handling event card: Prosperity Throughout the Realm
2018-04-05T16:24:15.1429520-04:00 [INFO]: Loading player: 2
2018-04-05T16:24:15.2307190-04:00 [INFO]: Cleaning cards from stages.
2018-04-05T16:24:17.7477510-04:00 [INFO]: Drawing a story card...
2018-04-05T16:24:17.7604560-04:00 [INFO]: A tournament card was drawn: Tournament at Camelot
2018-04-05T16:24:17.7628530-04:00 [INFO]: Displaying join tournament prompt!
2018-04-05T16:24:22.0012690-04:00 [INFO]: Player 2 decided to join the tournament.
2018-04-05T16:24:22.0032650-04:00 [INFO]: Displaying join tournament prompt!
2018-04-05T16:24:22.0077780-04:00 [INFO]: Loading player: 1
2018-04-05T16:24:23.0690210-04:00 [INFO]: Player 1 decided to NOT join the tournament.
2018-04-05T16:24:23.0710420-04:00 [INFO]: Not enough players joined the tournament!
2018-04-05T16:24:23.0734340-04:00 [INFO]: Ending the tournament!
2018-04-05T16:24:23.0825070-04:00 [INFO]: Loading player: 1
2018-04-05T16:24:23.1617570-04:00 [INFO]: Cleaning cards from stages.
2018-04-05T16:24:25.8037110-04:00 [INFO]: Drawing a story card...
2018-04-05T16:24:25.8057560-04:00 [INFO]: The check has ran out, reshuffling the deck!
2018-04-05T16:24:25.8127850-04:00 [INFO]: A quest card was drawn: Slay the Dragon
2018-04-05T16:24:25.8148090-04:00 [INFO]: Displaying sponsor prompt!
2018-04-05T16:24:29.5214790-04:00 [INFO]: Player 1 decided to sponsor the quest.
2018-04-05T16:24:29.5238490-04:00 [INFO]: Setting up stages for quest: Slay the Dragon
2018-04-05T16:24:45.5792850-04:00 [INFO]: Using low power for Saxons because it is NOT featured.
2018-04-05T16:24:45.5814910-04:00 [INFO]: Using low power for Saxon Knight because it is NOT featured.
2018-04-05T16:24:45.5836690-04:00 [INFO]: Using low power for Robber Knight because it is NOT featured.
2018-04-05T16:24:45.5952720-04:00 [INFO]: Sponsor draws: 41 cards
2018-04-05T16:24:45.5978630-04:00 [INFO]: Sponsor draws: 41 cards
2018-04-05T16:24:45.6002110-04:00 [INFO]: Sponsor draws: 41 cards
2018-04-05T16:24:45.6026540-04:00 [INFO]: Sponsor draws: 41 cards
2018-04-05T16:24:45.6047950-04:00 [INFO]: Sponsor draws: 41 cards
2018-04-05T16:24:45.6105300-04:00 [INFO]: Loading player: 2
2018-04-05T16:24:45.6781220-04:00 [INFO]: Displaying join quest prompt!
2018-04-05T16:24:48.6649470-04:00 [INFO]: Player 2 decided to join the quest.
2018-04-05T16:24:48.6834160-04:00 [INFO]: Giving Player 2 one adventure card for joining the quest.
2018-04-05T16:24:48.6850430-04:00 [INFO]: Moving to setup weapons state.
2018-04-05T16:24:48.6865500-04:00 [INFO]: Loading player: 2
2018-04-05T16:24:57.8513820-04:00 [INFO]: There are too many cards in Player 1's hand, they must discard or play.
2018-04-05T16:24:57.9078830-04:00 [INFO]: All playing players have setup weapons for stage 1
2018-04-05T16:24:57.9114110-04:00 [INFO]: Flipping cards in stage 1
2018-04-05T16:24:57.9127630-04:00 [INFO]: Stage 1 has a power level of 10.
2018-04-05T16:24:57.9147020-04:00 [INFO]: Player 2 has a power level of 20.
2018-04-05T16:24:57.9162790-04:00 [INFO]: Player 2 passed stage 1.
2018-04-05T16:24:57.9176680-04:00 [INFO]: Loading player: 2
2018-04-05T16:24:59.0691660-04:00 [INFO]: Swithing back to setup weapons state.
2018-04-05T16:24:59.0730230-04:00 [INFO]: Giving Player 2 an adventure card for passing the stage.
2018-04-05T16:24:59.0744470-04:00 [INFO]: Loading player: 2
