2018-03-02T13:57:43.0300820-05:00 [INFO]: Initializing Game object.
2018-03-02T13:57:46.8923850-05:00 [INFO]: Boar Hunt mode selected.
2018-03-02T13:57:46.8962770-05:00 [INFO]: Setting up game...
2018-03-02T13:57:46.9071140-05:00 [INFO]: Creating Player 1 as a human player.
2018-03-02T13:57:46.9101980-05:00 [INFO]: Creating Player 2 as a human player.
2018-03-02T13:57:46.9128290-05:00 [INFO]: Creating Player 3 as a human player.
2018-03-02T13:57:46.9154710-05:00 [INFO]: Creating Player 4 as a human player.
2018-03-02T13:57:47.3888660-05:00 [INFO]: Created adventure deck with 117 cards.
2018-03-02T13:57:47.4048570-05:00 [INFO]: Created story deck with 5 cards.
2018-03-02T13:57:47.4073980-05:00 [INFO]: Dealing 12 cards from adventure deck to each player.
2018-03-02T13:57:47.4180930-05:00 [INFO]: Loading player: 1
2018-03-02T13:57:47.6342830-05:00 [INFO]: Cleaning cards from stages.
2018-03-02T13:57:48.3702230-05:00 [INFO]: Drawing a story card...
2018-03-02T13:57:48.3736500-05:00 [INFO]: A quest card was drawn: Boar Hunt
2018-03-02T13:57:48.3806210-05:00 [INFO]: Displaying sponsor prompt!
2018-03-02T13:57:50.7457390-05:00 [INFO]: Player 1 decided NOT to sponsor the quest.
2018-03-02T13:57:50.7491690-05:00 [INFO]: Displaying sponsor prompt!
2018-03-02T13:57:50.7520480-05:00 [INFO]: Loading player: 2
2018-03-02T13:57:51.2931710-05:00 [INFO]: Player 2 decided to sponsor the quest.
2018-03-02T13:57:51.2958730-05:00 [INFO]: Setting up stages for quest: Boar Hunt
2018-03-02T13:57:59.1422440-05:00 [INFO]: Using low power for Evil Knight because it is NOT featured.
2018-03-02T13:57:59.1453160-05:00 [INFO]: Using low power for Green Knight because it is NOT featured.
2018-03-02T13:57:59.1480900-05:00 [INFO]: Loading player: 3
2018-03-02T13:57:59.2068520-05:00 [INFO]: Displaying join quest prompt!
2018-03-02T13:58:00.1559150-05:00 [INFO]: Player 3 decided to join the quest.
2018-03-02T13:58:00.1588460-05:00 [INFO]: Displaying join quest prompt!
2018-03-02T13:58:00.1616280-05:00 [INFO]: Loading player: 4
2018-03-02T13:58:01.0532850-05:00 [INFO]: Player 4 decided to NOT join the quest.
2018-03-02T13:58:01.0561020-05:00 [INFO]: Displaying join quest prompt!
2018-03-02T13:58:01.0588640-05:00 [INFO]: Loading player: 1
2018-03-02T13:58:01.8843730-05:00 [INFO]: Player 1 decided to join the quest.
2018-03-02T13:58:01.8870880-05:00 [INFO]: Giving Player 1 one adventure card for joining the quest.
2018-03-02T13:58:01.8901130-05:00 [INFO]: Giving Player 3 one adventure card for joining the quest.
2018-03-02T13:58:01.8932710-05:00 [INFO]: Moving to setup weapons state.
2018-03-02T13:58:01.9110450-05:00 [INFO]: Loading player: 1
2018-03-02T13:58:08.4177760-05:00 [INFO]: Loading player: 3
2018-03-02T13:58:12.1589150-05:00 [WARN]: Play area invalid: you can't submit duplicate weapons to the play area!
2018-03-02T13:58:12.1604410-05:00 [INFO]: Play area is invalid!
2018-03-02T13:58:15.9830460-05:00 [WARN]: Play area invalid: you can't submit foes to the play area!
2018-03-02T13:58:15.9846500-05:00 [INFO]: Play area is invalid!
2018-03-02T13:58:17.7119240-05:00 [INFO]: All playing players have setup weapons for stage 1
2018-03-02T13:58:17.7135390-05:00 [INFO]: Flipping cards in stage 1
2018-03-02T13:58:17.7179180-05:00 [INFO]: Stage 1 has a power level of 20.
2018-03-02T13:58:17.7206460-05:00 [INFO]: Player 1 has a power level of 40.
2018-03-02T13:58:17.7237080-05:00 [INFO]: Player 1 passed stage 1.
2018-03-02T13:58:17.7265010-05:00 [INFO]: Loading player: 1
2018-03-02T13:58:18.9773440-05:00 [INFO]: Stage 1 has a power level of 20.
2018-03-02T13:58:18.9803230-05:00 [INFO]: Player 3 has a power level of 15.
2018-03-02T13:58:18.9831820-05:00 [INFO]: Player 3 died on stage 1.
2018-03-02T13:58:18.9858550-05:00 [INFO]: Loading player: 3
2018-03-02T13:58:20.9384310-05:00 [INFO]: Swithing back to setup weapons state.
2018-03-02T13:58:20.9399500-05:00 [INFO]: Giving Player 1 an adventure card for passing the stage.
2018-03-02T13:58:20.9426870-05:00 [INFO]: Loading player: 1
2018-03-02T13:58:25.0448950-05:00 [INFO]: All playing players have setup weapons for stage 2
2018-03-02T13:58:25.0465700-05:00 [INFO]: Flipping cards in stage 2
2018-03-02T13:58:25.0478330-05:00 [INFO]: Stage 2 has a power level of 50.
2018-03-02T13:58:25.0491140-05:00 [INFO]: Player 1 has a power level of 25.
2018-03-02T13:58:25.0502960-05:00 [INFO]: Player 1 died on stage 2.
2018-03-02T13:58:25.0514550-05:00 [INFO]: Loading player: 1
2018-03-02T13:58:26.8733680-05:00 [INFO]: Quest is over and everyone died!	
2018-03-02T13:58:26.8750080-05:00 [INFO]: Quest has been fully reset and ended.
2018-03-02T13:58:26.8777100-05:00 [INFO]: Loading player: 2
2018-03-02T13:58:26.9838050-05:00 [INFO]: Cleaning cards from stages.
2018-03-02T13:58:28.9872780-05:00 [INFO]: Drawing a story card...
2018-03-02T13:58:28.9908000-05:00 [INFO]: A event card was drawn: Prosperity Throughout the Realm
2018-03-02T13:58:28.9938520-05:00 [INFO]: There are too many cards in Player 2's hand, they must discard or play.
2018-03-02T13:58:29.9170720-05:00 [INFO]: There are too many cards in Player 2's hand, they must discard or play.
2018-03-02T13:58:38.0138790-05:00 [INFO]: Player 2 discarded: Saxon Knight
2018-03-02T13:58:38.0153600-05:00 [INFO]: Player 2 discarded: Robber Knight
2018-03-02T13:58:38.0184230-05:00 [INFO]: Handling event card: Prosperity Throughout the Realm
2018-03-02T13:58:40.0415970-05:00 [INFO]: Handling event card: Prosperity Throughout the Realm
2018-03-02T13:58:40.0431540-05:00 [INFO]: Loading player: 3
2018-03-02T13:58:40.1474640-05:00 [INFO]: Cleaning cards from stages.
2018-03-02T13:58:43.5322740-05:00 [INFO]: Drawing a story card...
2018-03-02T13:58:43.5555290-05:00 [INFO]: A event card was drawn: Chivalrous Deed
2018-03-02T13:58:43.5576370-05:00 [INFO]: Player 3 discarded: Saxon Knight
2018-03-02T13:58:43.5601790-05:00 [INFO]: Player 3 discarded: Saxon Knight
2018-03-02T13:58:43.5624740-05:00 [INFO]: Handling event card: Chivalrous Deed
2018-03-02T13:58:44.2987110-05:00 [INFO]: Handling event card: Chivalrous Deed
2018-03-02T13:58:44.3011790-05:00 [INFO]: Loading player: 4
2018-03-02T13:58:44.4172460-05:00 [INFO]: Cleaning cards from stages.
2018-03-02T13:58:49.7188950-05:00 [INFO]: Drawing a story card...
2018-03-02T13:58:49.7213180-05:00 [INFO]: A event card was drawn: Queen's Favor
2018-03-02T13:58:49.7231640-05:00 [INFO]: Player 4 discarded: Black Knight
2018-03-02T13:58:49.7245850-05:00 [INFO]: Player 4 discarded: Boar
2018-03-02T13:58:49.7258000-05:00 [INFO]: Player 4 discarded: Galahad
2018-03-02T13:58:49.7275290-05:00 [INFO]: Handling event card: Queen's Favor
2018-03-02T13:58:50.3183420-05:00 [INFO]: Handling event card: Queen's Favor
2018-03-02T13:58:50.3210510-05:00 [INFO]: Loading player: 1
2018-03-02T13:58:50.4348100-05:00 [INFO]: Cleaning cards from stages.
2018-03-02T13:58:56.8364000-05:00 [INFO]: Player 1 must draw a card before ending their turn.
2018-03-02T13:58:57.4857340-05:00 [INFO]: Drawing a story card...
2018-03-02T13:58:57.4882200-05:00 [INFO]: The check has ran out, reshuffling the deck!
2018-03-02T13:58:57.4905240-05:00 [INFO]: A event card was drawn: Queen's Favor
2018-03-02T13:58:57.4933610-05:00 [INFO]: Player 1 discarded: Robber Knight
2018-03-02T13:58:57.4985760-05:00 [INFO]: Player 1 discarded: BattleAxe
2018-03-02T13:58:57.5028590-05:00 [INFO]: Player 1 discarded: Evil Knight
2018-03-02T13:58:57.5055540-05:00 [INFO]: Player 1 discarded: Evil Knight
2018-03-02T13:58:57.5083540-05:00 [INFO]: Handling event card: Queen's Favor
2018-03-02T13:58:58.1659140-05:00 [INFO]: Handling event card: Queen's Favor
2018-03-02T13:58:58.1685960-05:00 [INFO]: Loading player: 2
2018-03-02T13:58:58.3076700-05:00 [INFO]: Cleaning cards from stages.
2018-03-02T13:59:08.3743540-05:00 [INFO]: Player 2 must draw a card before ending their turn.
2018-03-02T13:59:09.1572630-05:00 [INFO]: Drawing a story card...
2018-03-02T13:59:09.1598050-05:00 [INFO]: A quest card was drawn: Boar Hunt
2018-03-02T13:59:09.1625080-05:00 [INFO]: Player 2 discarded: Sword
2018-03-02T13:59:09.1652160-05:00 [INFO]: Player 2 discarded: Dagger
2018-03-02T13:59:09.1681830-05:00 [INFO]: Player 2 discarded: Horse
2018-03-02T13:59:09.1710130-05:00 [INFO]: Player 2 discarded: Sword
2018-03-02T13:59:09.1738430-05:00 [INFO]: Player 2 discarded: BattleAxe
2018-03-02T13:59:09.1764600-05:00 [INFO]: Player 2 discarded: Horse
2018-03-02T13:59:09.1797430-05:00 [INFO]: Displaying sponsor prompt!
2018-03-02T13:59:12.7326740-05:00 [INFO]: Player 2 decided NOT to sponsor the quest.
2018-03-02T13:59:12.7344500-05:00 [INFO]: Displaying sponsor prompt!
2018-03-02T13:59:12.7361400-05:00 [INFO]: Loading player: 3
2018-03-02T13:59:13.1469370-05:00 [INFO]: Player 3 decided NOT to sponsor the quest.
2018-03-02T13:59:13.1498920-05:00 [INFO]: Displaying sponsor prompt!
2018-03-02T13:59:13.1528200-05:00 [INFO]: Loading player: 4
2018-03-02T13:59:13.7066870-05:00 [INFO]: Player 4 decided NOT to sponsor the quest.
2018-03-02T13:59:13.7127170-05:00 [INFO]: Displaying sponsor prompt!
2018-03-02T13:59:13.7164990-05:00 [INFO]: Loading player: 1
2018-03-02T13:59:14.5172610-05:00 [INFO]: Player 1 decided NOT to sponsor the quest.
2018-03-02T13:59:14.5198430-05:00 [INFO]: Nobody wanted to sponsor the quest!
2018-03-02T13:59:14.5226360-05:00 [INFO]: Quest has been fully reset and ended.
2018-03-02T13:59:14.5256070-05:00 [INFO]: Loading player: 3
2018-03-02T13:59:14.7747070-05:00 [INFO]: Cleaning cards from stages.
