2018-04-04T15:51:27.4738660-04:00 [INFO]: Connecting to server
2018-04-04T15:51:28.1688170-04:00 [INFO]: Conected
2018-04-04T15:51:28.2442550-04:00 [INFO]: Conected to lobby
2018-04-04T15:51:28.2556410-04:00 [INFO]: Created Game
2018-04-04T15:51:28.6639810-04:00 [INFO]: Player Connected to Game
2018-04-04T15:51:33.0842560-04:00 [INFO]: Initializing Game object.
2018-04-04T15:51:33.0870380-04:00 [INFO]: Normal mode selected.
2018-04-04T15:51:33.0892430-04:00 [INFO]: Setting up game...
2018-04-04T15:51:33.2312410-04:00 [INFO]: Created adventure deck with 125 cards.
2018-04-04T15:51:33.2396520-04:00 [INFO]: Created story deck with 5 cards.
2018-04-04T15:51:33.4944250-04:00 [INFO]: Dealing 12 cards from adventure deck to each player.
2018-04-04T15:51:33.5086720-04:00 [INFO]: Loading player: 1
2018-04-04T15:51:33.6065710-04:00 [INFO]: Cleaning cards from stages.
2018-04-04T15:51:35.0623990-04:00 [INFO]: Drawing a story card...
2018-04-04T15:51:35.0725590-04:00 [INFO]: A quest card was drawn: Boar Hunt
2018-04-04T15:51:35.0770110-04:00 [INFO]: Displaying sponsor prompt!
2018-04-04T15:51:36.3933460-04:00 [INFO]: Player 1 decided to sponsor the quest.
2018-04-04T15:51:36.3963400-04:00 [INFO]: Setting up stages for quest: Boar Hunt
2018-04-04T15:51:43.5627260-04:00 [INFO]: Using low power for Thieves because it is NOT featured.
2018-04-04T15:51:43.5670870-04:00 [INFO]: Using low power for Saxons because it is NOT featured.
2018-04-04T15:51:43.5795570-04:00 [INFO]: Loading player: 2
2018-04-04T15:51:43.6819110-04:00 [INFO]: Displaying join quest prompt!
2018-04-04T15:51:46.1372010-04:00 [INFO]: Player 2 decided to join the quest.
2018-04-04T15:51:46.1700520-04:00 [INFO]: Giving Player 2 one adventure card for joining the quest.
2018-04-04T15:51:46.1723650-04:00 [INFO]: Moving to setup weapons state.
2018-04-04T15:51:46.1903660-04:00 [INFO]: Loading player: 2
2018-04-04T15:51:53.9958760-04:00 [INFO]: There are too many cards in Player 1's hand, they must discard or play.
2018-04-04T15:51:54.0628890-04:00 [INFO]: All playing players have setup weapons for stage 1
2018-04-04T15:51:54.0665760-04:00 [INFO]: Flipping cards in stage 1
2018-04-04T15:51:54.0686280-04:00 [INFO]: Stage 1 has a power level of 5.
2018-04-04T15:51:54.0703080-04:00 [INFO]: Player 2 has a power level of 20.
2018-04-04T15:51:54.0733660-04:00 [INFO]: Player 2 passed stage 1.
2018-04-04T15:51:54.0757300-04:00 [INFO]: Loading player: 2
2018-04-04T15:51:58.0584060-04:00 [INFO]: Swithing back to setup weapons state.
2018-04-04T15:51:58.0651390-04:00 [INFO]: Giving Player 2 an adventure card for passing the stage.
2018-04-04T15:51:58.0668140-04:00 [INFO]: Loading player: 2
2018-04-04T15:52:06.6293100-04:00 [INFO]: There are too many cards in Player 1's hand, they must discard or play.
2018-04-04T15:52:06.6880290-04:00 [INFO]: All playing players have setup weapons for stage 2
2018-04-04T15:52:06.6918720-04:00 [INFO]: Flipping cards in stage 2
2018-04-04T15:52:06.6934810-04:00 [INFO]: Stage 2 has a power level of 10.
2018-04-04T15:52:06.6967290-04:00 [INFO]: Player 2 has a power level of 55.
2018-04-04T15:52:06.6992920-04:00 [INFO]: Player 2 passed stage 2.
2018-04-04T15:52:06.7009890-04:00 [INFO]: Loading player: 2
2018-04-04T15:52:09.3475900-04:00 [INFO]: Quest is over and we have winner(s)!
2018-04-04T15:52:09.3500110-04:00 [INFO]: Player 2 won the quest!
2018-04-04T15:52:09.3517990-04:00 [INFO]: Paying 2 shields to Player 2.
2018-04-04T15:52:09.3537440-04:00 [INFO]: Client Desync, Player 2 won!
2018-04-04T15:52:09.3558630-04:00 [INFO]: Paying 2 shields to Player 2.
2018-04-04T15:52:09.3583900-04:00 [INFO]: Quest has been fully reset and ended.
2018-04-04T15:52:09.3665960-04:00 [INFO]: Loading player: 2
2018-04-04T15:52:09.4358090-04:00 [INFO]: Cleaning cards from stages.
2018-04-04T15:52:09.4377130-04:00 [INFO]: Client Desync, Player 2 won!
2018-04-04T15:52:09.4390190-04:00 [INFO]: Paying 2 shields to Player 2.
2018-04-04T15:52:11.9040400-04:00 [INFO]: Drawing a story card...
2018-04-04T15:52:11.9068830-04:00 [INFO]: A event card was drawn: Chivalrous Deed
2018-04-04T15:52:11.9097780-04:00 [INFO]: Handling event card: Chivalrous Deed
2018-04-04T15:52:15.4111760-04:00 [INFO]: Handling event card: Chivalrous Deed
2018-04-04T15:52:15.4205930-04:00 [INFO]: Loading player: 1
2018-04-04T15:52:15.5024690-04:00 [INFO]: Cleaning cards from stages.
2018-04-04T15:53:00.9139650-04:00 [INFO]: Drawing a story card...
2018-04-04T15:53:00.9212550-04:00 [INFO]: A event card was drawn: Prosperity Throughout the Realm
2018-04-04T15:53:00.9234710-04:00 [INFO]: Handling event card: Prosperity Throughout the Realm
2018-04-04T15:53:17.9573270-04:00 [INFO]: Player 1 discarded: Sword
2018-04-04T15:53:17.9591410-04:00 [INFO]: Player 1 discarded: BattleAxe
2018-04-04T15:53:17.9604880-04:00 [INFO]: Player 1 discarded: Lance
2018-04-04T15:53:26.0428850-04:00 [INFO]: Handling event card: Prosperity Throughout the Realm
2018-04-04T15:53:26.0592600-04:00 [INFO]: Loading player: 2
2018-04-04T15:53:26.1920660-04:00 [INFO]: Cleaning cards from stages.
2018-04-04T15:54:00.3062940-04:00 [INFO]: Connecting to server
2018-04-04T15:54:00.9541720-04:00 [INFO]: Conected
2018-04-04T15:54:01.0213050-04:00 [INFO]: Conected to lobby
2018-04-04T15:54:01.0266370-04:00 [INFO]: Created Game
2018-04-04T15:54:01.3359930-04:00 [INFO]: Player Connected to Game
2018-04-04T15:54:06.1880280-04:00 [INFO]: Initializing Game object.
2018-04-04T15:54:06.1896090-04:00 [INFO]: Normal mode selected.
2018-04-04T15:54:06.1910840-04:00 [INFO]: Setting up game...
2018-04-04T15:54:06.3282420-04:00 [INFO]: Created adventure deck with 125 cards.
2018-04-04T15:54:06.3354580-04:00 [INFO]: Created story deck with 5 cards.
2018-04-04T15:54:06.5869230-04:00 [INFO]: Dealing 12 cards from adventure deck to each player.
2018-04-04T15:54:06.5967320-04:00 [INFO]: Loading player: 1
2018-04-04T15:54:06.7173960-04:00 [INFO]: Cleaning cards from stages.
2018-04-04T15:54:08.3862140-04:00 [INFO]: Drawing a story card...
2018-04-04T15:54:08.3919660-04:00 [INFO]: A quest card was drawn: Boar Hunt
2018-04-04T15:54:08.3963340-04:00 [INFO]: Displaying sponsor prompt!
2018-04-04T15:54:09.6206280-04:00 [INFO]: Player 1 decided to sponsor the quest.
2018-04-04T15:54:09.6232030-04:00 [INFO]: Setting up stages for quest: Boar Hunt
2018-04-04T15:54:21.4782930-04:00 [INFO]: Using low power for Saxon Knight because it is NOT featured.
2018-04-04T15:54:21.4806370-04:00 [INFO]: Using high power for Boar because it is featured.
2018-04-04T15:54:21.5016230-04:00 [INFO]: Loading player: 2
2018-04-04T15:54:21.6358200-04:00 [INFO]: Displaying join quest prompt!
2018-04-04T15:54:24.0075160-04:00 [INFO]: Player 2 decided to join the quest.
2018-04-04T15:54:24.0126700-04:00 [INFO]: Giving Player 2 one adventure card for joining the quest.
2018-04-04T15:54:24.0150010-04:00 [INFO]: Moving to setup weapons state.
2018-04-04T15:54:24.0169230-04:00 [INFO]: Loading player: 2
2018-04-04T15:54:32.7513110-04:00 [INFO]: There are too many cards in Player 1's hand, they must discard or play.
2018-04-04T15:54:32.8131460-04:00 [INFO]: All playing players have setup weapons for stage 1
2018-04-04T15:54:32.8197070-04:00 [INFO]: Flipping cards in stage 1
2018-04-04T15:54:32.8220530-04:00 [INFO]: Stage 1 has a power level of 15.
2018-04-04T15:54:32.8246650-04:00 [INFO]: Player 2 has a power level of 30.
2018-04-04T15:54:32.8265420-04:00 [INFO]: Player 2 passed stage 1.
2018-04-04T15:54:32.8288980-04:00 [INFO]: Loading player: 2
2018-04-04T15:54:37.0836520-04:00 [INFO]: Swithing back to setup weapons state.
2018-04-04T15:54:37.0876370-04:00 [INFO]: Giving Player 2 an adventure card for passing the stage.
2018-04-04T15:54:37.0889830-04:00 [INFO]: Loading player: 2
2018-04-04T15:54:45.9828410-04:00 [INFO]: All playing players have setup weapons for stage 2
2018-04-04T15:54:45.9876150-04:00 [INFO]: Flipping cards in stage 2
2018-04-04T15:54:45.9890240-04:00 [INFO]: Stage 2 has a power level of 25.
2018-04-04T15:54:45.9905090-04:00 [INFO]: Player 2 has a power level of 15.
2018-04-04T15:54:45.9921120-04:00 [INFO]: Player 2 died on stage 2.
2018-04-04T15:54:45.9935930-04:00 [INFO]: Loading player: 2
2018-04-04T15:54:46.1294090-04:00 [INFO]: Quest is over and everyone died!	
2018-04-04T15:54:46.1334060-04:00 [INFO]: Quest has been fully reset and ended.
2018-04-04T15:54:46.1399380-04:00 [INFO]: Loading player: 2
2018-04-04T15:54:46.1903820-04:00 [INFO]: Cleaning cards from stages.
2018-04-04T15:54:46.4853930-04:00 [INFO]: Client Desync, Player 2 won!
2018-04-04T15:54:46.4870000-04:00 [INFO]: Paying 2 shields to Player 2.
2018-04-04T15:54:47.5512640-04:00 [INFO]: Player 2 must draw a card before ending their turn.
2018-04-04T15:54:49.7293600-04:00 [INFO]: Drawing a story card...
2018-04-04T15:54:49.7326810-04:00 [INFO]: A event card was drawn: Chivalrous Deed
2018-04-04T15:54:49.7358910-04:00 [INFO]: Handling event card: Chivalrous Deed
2018-04-04T15:54:51.6634880-04:00 [INFO]: Handling event card: Chivalrous Deed
2018-04-04T15:54:51.6742840-04:00 [INFO]: Loading player: 1
2018-04-04T15:54:51.7716350-04:00 [INFO]: Cleaning cards from stages.
2018-04-04T15:54:58.6917990-04:00 [INFO]: Drawing a story card...
2018-04-04T15:54:58.6966380-04:00 [INFO]: A event card was drawn: Prosperity Throughout the Realm
2018-04-04T15:54:58.7011570-04:00 [INFO]: There are too many cards in Player 1's hand, they must discard or play.
2018-04-04T15:55:05.9322960-04:00 [INFO]: Player 1 discarded: Sword
2018-04-04T15:55:05.9374950-04:00 [INFO]: Player 1 discarded: Sword
2018-04-04T15:55:12.3196450-04:00 [INFO]: Player 1 discarded: Sword
2018-04-04T15:55:12.3215100-04:00 [INFO]: Player 1 discarded: Excalibur
2018-04-04T15:55:12.3229390-04:00 [INFO]: Player 1 discarded: Horse
2018-04-04T15:55:15.4514220-04:00 [INFO]: Handling event card: Prosperity Throughout the Realm
2018-04-04T15:55:17.8071560-04:00 [INFO]: A story card has already been drawn.
2018-04-04T15:55:20.7738440-04:00 [INFO]: Handling event card: Prosperity Throughout the Realm
2018-04-04T15:55:20.7889260-04:00 [INFO]: Loading player: 2
2018-04-04T15:55:20.9060710-04:00 [INFO]: Cleaning cards from stages.
2018-04-04T15:55:29.4640620-04:00 [INFO]: Drawing a story card...
2018-04-04T15:55:29.4715520-04:00 [INFO]: A tournament card was drawn: Tournament at Camelot
2018-04-04T15:55:29.4746730-04:00 [INFO]: Displaying join tournament prompt!
2018-04-04T15:55:32.9345950-04:00 [INFO]: Player 2 decided to join the tournament.
2018-04-04T15:55:32.9382410-04:00 [INFO]: Displaying join tournament prompt!
2018-04-04T15:55:32.9427380-04:00 [INFO]: Loading player: 1
2018-04-04T15:55:36.9973390-04:00 [INFO]: Player 1 decided to join the tournament.
2018-04-04T15:55:37.0012420-04:00 [INFO]: Giving Player 1 one card for joining the tournament.
2018-04-04T15:55:37.0059300-04:00 [INFO]: Giving Player 2 one card for joining the tournament.
2018-04-04T15:55:37.0081380-04:00 [INFO]: Starting tournament!
2018-04-04T15:55:37.0103760-04:00 [INFO]: Loading player: 1
2018-04-04T15:55:46.0081030-04:00 [INFO]: Loading player: 2
2018-04-04T15:55:46.6143170-04:00 [INFO]: Player 1 entered a power level of 5.
2018-04-04T15:55:46.6169980-04:00 [INFO]: Player 2 entered a power level of 15.
2018-04-04T15:55:46.6196000-04:00 [INFO]: The following player(s) have won 5 shields: 2
2018-04-04T15:55:46.6218030-04:00 [INFO]: Loading player: 2
2018-04-04T15:56:04.2764590-04:00 [INFO]: Ending the tournament!
2018-04-04T15:56:04.2781720-04:00 [INFO]: Ranking up Player 1
2018-04-04T15:56:04.2899050-04:00 [INFO]: Loading player: 1
2018-04-04T15:56:04.3719890-04:00 [INFO]: Cleaning cards from stages.
2018-04-04T15:56:08.7809880-04:00 [INFO]: Drawing a story card...
2018-04-04T15:56:08.7834400-04:00 [INFO]: The check has ran out, reshuffling the deck!
2018-04-04T15:56:08.7887400-04:00 [INFO]: A quest card was drawn: Slay the Dragon
2018-04-04T15:56:08.7911420-04:00 [INFO]: Displaying sponsor prompt!
2018-04-04T15:56:32.0570570-04:00 [INFO]: Player 1 decided NOT to sponsor the quest.
2018-04-04T15:56:32.0641080-04:00 [INFO]: Displaying sponsor prompt!
2018-04-04T15:56:32.0680360-04:00 [INFO]: Loading player: 2
2018-04-04T15:56:37.2001040-04:00 [INFO]: Player 2 decided to sponsor the quest.
2018-04-04T15:56:37.2022510-04:00 [INFO]: Setting up stages for quest: Slay the Dragon
2018-04-04T15:56:46.5372640-04:00 [WARN]: Quest setup is invalid: each stage must have exactly 1 foe.
2018-04-04T15:56:46.5652880-04:00 [INFO]: Using low power for Thieves because it is NOT featured.
2018-04-04T15:56:46.5679420-04:00 [INFO]: Using low power for Robber Knight because it is NOT featured.
2018-04-04T15:56:46.5710280-04:00 [INFO]: Using low power for Evil Knight because it is NOT featured.
2018-04-04T15:56:46.5802860-04:00 [INFO]: Loading player: 1
2018-04-04T15:56:46.6464850-04:00 [INFO]: Displaying join quest prompt!
2018-04-04T15:56:50.4388440-04:00 [INFO]: Player 1 decided to join the quest.
2018-04-04T15:56:50.4454580-04:00 [INFO]: Giving Player 1 one adventure card for joining the quest.
2018-04-04T15:56:50.4478490-04:00 [INFO]: Moving to setup weapons state.
2018-04-04T15:56:50.4535040-04:00 [INFO]: Loading player: 1
2018-04-04T15:57:01.0221030-04:00 [WARN]: Play area invalid: too many amour cards in the play area!
2018-04-04T15:57:01.0243720-04:00 [INFO]: All playing players have setup weapons for stage 1
2018-04-04T15:57:01.0292640-04:00 [INFO]: Flipping cards in stage 1
2018-04-04T15:57:01.0315300-04:00 [INFO]: Stage 1 has a power level of 5.
2018-04-04T15:57:01.0354300-04:00 [INFO]: Player 1 has a power level of 25.
2018-04-04T15:57:01.0399390-04:00 [INFO]: Player 1 passed stage 1.
2018-04-04T15:57:01.0423240-04:00 [INFO]: Loading player: 1
2018-04-04T15:57:01.4288530-04:00 [INFO]: Swithing back to setup weapons state.
2018-04-04T15:57:01.4335360-04:00 [INFO]: Giving Player 1 an adventure card for passing the stage.
2018-04-04T15:57:01.4357570-04:00 [INFO]: Loading player: 1
2018-04-04T15:57:10.3805370-04:00 [WARN]: Play area invalid: too many amour cards in the play area!
2018-04-04T15:57:10.3836080-04:00 [INFO]: All playing players have setup weapons for stage 2
2018-04-04T15:57:10.3907150-04:00 [INFO]: Flipping cards in stage 2
2018-04-04T15:57:10.3925050-04:00 [INFO]: Stage 2 has a power level of 15.
2018-04-04T15:57:10.3949910-04:00 [INFO]: Player 1 has a power level of 50.
2018-04-04T15:57:10.3970020-04:00 [INFO]: Player 1 passed stage 2.
2018-04-04T15:57:10.3988160-04:00 [INFO]: Loading player: 1
2018-04-04T15:57:10.8738110-04:00 [INFO]: Swithing back to setup weapons state.
2018-04-04T15:57:10.8772920-04:00 [INFO]: Giving Player 1 an adventure card for passing the stage.
2018-04-04T15:57:10.8789240-04:00 [INFO]: Loading player: 1
2018-04-04T15:57:16.9442120-04:00 [WARN]: Play area invalid: too many amour cards in the play area!
2018-04-04T15:57:16.9465160-04:00 [INFO]: All playing players have setup weapons for stage 3
2018-04-04T15:57:16.9553030-04:00 [INFO]: Flipping cards in stage 3
2018-04-04T15:57:16.9592420-04:00 [INFO]: Stage 3 has a power level of 20.
2018-04-04T15:57:16.9628810-04:00 [INFO]: Player 1 has a power level of 50.
2018-04-04T15:57:16.9686390-04:00 [INFO]: Player 1 passed stage 3.
2018-04-04T15:57:16.9733800-04:00 [INFO]: Loading player: 1
2018-04-04T15:57:17.4937480-04:00 [INFO]: Quest is over and we have winner(s)!
2018-04-04T15:57:17.4953100-04:00 [INFO]: Player 1 won the quest!
2018-04-04T15:57:17.4971790-04:00 [INFO]: Paying 3 shields to Player 1.
2018-04-04T15:57:17.4992510-04:00 [INFO]: Client Desync, Player 1 won!
2018-04-04T15:57:17.5032550-04:00 [INFO]: Paying 3 shields to Player 1.
2018-04-04T15:57:17.5072690-04:00 [INFO]: Quest has been fully reset and ended.
2018-04-04T15:57:17.5101370-04:00 [INFO]: Ranking up Player 0
2018-04-04T15:57:17.5229920-04:00 [INFO]: Loading player: 2
2018-04-04T15:57:17.6026420-04:00 [INFO]: Cleaning cards from stages.
2018-04-04T15:57:17.6047430-04:00 [INFO]: Client Desync, Player 1 won!
2018-04-04T15:57:17.6068090-04:00 [INFO]: Paying 3 shields to Player 1.
2018-04-04T15:57:21.7335950-04:00 [INFO]: Drawing a story card...
2018-04-04T15:57:21.7354470-04:00 [INFO]: A quest card was drawn: Boar Hunt
2018-04-04T15:57:21.7373260-04:00 [INFO]: Displaying sponsor prompt!
2018-04-04T15:57:28.7891300-04:00 [INFO]: Player 2 decided NOT to sponsor the quest.
2018-04-04T15:57:28.7938140-04:00 [INFO]: Displaying sponsor prompt!
2018-04-04T15:57:28.7970140-04:00 [INFO]: Loading player: 1
2018-04-04T15:57:31.0627830-04:00 [INFO]: Player 1 decided NOT to sponsor the quest.
2018-04-04T15:57:31.0665730-04:00 [INFO]: Nobody wanted to sponsor the quest!
2018-04-04T15:57:31.0705360-04:00 [INFO]: Quest has been fully reset and ended.
2018-04-04T15:57:31.0933640-04:00 [INFO]: Loading player: 1
2018-04-04T15:57:31.1912770-04:00 [INFO]: Cleaning cards from stages.
