2018-03-02T14:00:02.8371990-05:00 [INFO]: Initializing Game object.
2018-03-02T14:00:11.8593590-05:00 [INFO]: Boar Hunt mode selected.
2018-03-02T14:00:11.8616800-05:00 [INFO]: Setting up game...
2018-03-02T14:00:11.8675220-05:00 [INFO]: Creating Player 1 as an AI player.
2018-03-02T14:00:11.8693720-05:00 [INFO]: Creating Player 2 as an AI player.
2018-03-02T14:00:11.8705740-05:00 [INFO]: Creating Player 3 as an AI player.
2018-03-02T14:00:11.8717500-05:00 [INFO]: Creating Player 4 as a human player.
2018-03-02T14:00:12.2616410-05:00 [INFO]: Created adventure deck with 117 cards.
2018-03-02T14:00:12.2957400-05:00 [INFO]: Created story deck with 5 cards.
2018-03-02T14:00:12.2990840-05:00 [INFO]: Dealing 12 cards from adventure deck to each player.
2018-03-02T14:00:12.3238040-05:00 [INFO]: Loading player: 1
2018-03-02T14:00:12.5271110-05:00 [INFO]: Cleaning cards from stages.
2018-03-02T14:00:12.5314830-05:00 [INFO]: Drawing a story card...
2018-03-02T14:00:12.5366340-05:00 [INFO]: A quest card was drawn: Boar Hunt
2018-03-02T14:00:12.5503600-05:00 [INFO]: Displaying sponsor prompt!
2018-03-02T14:00:12.5746510-05:00 [INFO]: Player 1 decided to sponsor the quest.
2018-03-02T14:00:12.5829590-05:00 [INFO]: Setting up stages for quest: Boar Hunt
2018-03-02T14:00:12.6809210-05:00 [INFO]: Loading player: 2
2018-03-02T14:00:12.8569290-05:00 [INFO]: Displaying join quest prompt!
2018-03-02T14:00:12.8674000-05:00 [INFO]: Player 2 decided to NOT join the quest.
2018-03-02T14:00:12.8718270-05:00 [INFO]: Displaying join quest prompt!
2018-03-02T14:00:12.8809860-05:00 [INFO]: Player 3 decided to join the quest.
2018-03-02T14:00:12.8908640-05:00 [INFO]: Displaying join quest prompt!
2018-03-02T14:00:12.9112070-05:00 [INFO]: Loading player: 4
2018-03-02T14:00:13.0889640-05:00 [INFO]: Loading player: 4
2018-03-02T14:00:16.3969570-05:00 [INFO]: Player 4 decided to join the quest.
2018-03-02T14:00:16.3985270-05:00 [INFO]: Giving Player 3 one adventure card for joining the quest.
2018-03-02T14:00:16.4014530-05:00 [INFO]: Giving Player 4 one adventure card for joining the quest.
2018-03-02T14:00:16.4039160-05:00 [INFO]: Moving to setup weapons state.
2018-03-02T14:00:16.4143830-05:00 [INFO]: Loading player: 4
2018-03-02T14:00:16.5257770-05:00 [INFO]: Loading player: 4
2018-03-02T14:00:18.2429630-05:00 [INFO]: There are too many cards in Player 1's hand, they must discard or play.
2018-03-02T14:00:35.7889530-05:00 [INFO]: All playing players have setup weapons for stage 1
2018-03-02T14:00:35.7918890-05:00 [INFO]: Flipping cards in stage 1
2018-03-02T14:00:35.7979880-05:00 [INFO]: Stage 1 has a power level of 35.
2018-03-02T14:00:35.8009270-05:00 [INFO]: Player 3 has a power level of 15.
2018-03-02T14:00:35.8038960-05:00 [INFO]: Player 3 died on stage 1.
2018-03-02T14:00:35.8073390-05:00 [INFO]: Loading player: 3
2018-03-02T14:00:36.7723350-05:00 [INFO]: There are too many cards in Player 1's hand, they must discard or play.
2018-03-02T14:00:37.2154400-05:00 [INFO]: There are too many cards in Player 1's hand, they must discard or play.
2018-03-02T14:00:42.8336630-05:00 [INFO]: Player 3 discarded: Sword
2018-03-02T14:00:42.8351200-05:00 [INFO]: Player 3 discarded: Lance
2018-03-02T14:00:42.8364390-05:00 [INFO]: Player 3 discarded: Horse
2018-03-02T14:00:42.8380790-05:00 [INFO]: Stage 1 has a power level of 35.
2018-03-02T14:00:42.8395060-05:00 [INFO]: Player 4 has a power level of 35.
2018-03-02T14:00:42.8410020-05:00 [INFO]: Player 4 died on stage 1.
2018-03-02T14:00:42.8423050-05:00 [INFO]: Loading player: 4
2018-03-02T14:00:43.3520560-05:00 [INFO]: Quest is over and everyone died!	
2018-03-02T14:00:43.3549370-05:00 [INFO]: Quest has been fully reset and ended.
2018-03-02T14:00:43.3577100-05:00 [INFO]: Loading player: 2
2018-03-02T14:00:43.4509360-05:00 [INFO]: Cleaning cards from stages.
2018-03-02T14:00:43.4546380-05:00 [INFO]: Drawing a story card...
2018-03-02T14:00:43.4588700-05:00 [INFO]: A event card was drawn: Prosperity Throughout the Realm
2018-03-02T14:00:43.4632440-05:00 [INFO]: Handling event card: Prosperity Throughout the Realm
2018-03-02T14:00:43.4699280-05:00 [INFO]: Handling event card: Prosperity Throughout the Realm
2018-03-02T14:00:43.4735500-05:00 [INFO]: Loading player: 3
2018-03-02T14:00:43.6540180-05:00 [INFO]: Cleaning cards from stages.
2018-03-02T14:00:43.6579820-05:00 [INFO]: Drawing a story card...
2018-03-02T14:00:43.6627910-05:00 [INFO]: A event card was drawn: Chivalrous Deed
2018-03-02T14:00:43.6956360-05:00 [INFO]: Handling event card: Chivalrous Deed
2018-03-02T14:00:43.7038160-05:00 [INFO]: Handling event card: Chivalrous Deed
2018-03-02T14:00:43.7082350-05:00 [INFO]: Loading player: 4
2018-03-02T14:00:43.8906090-05:00 [INFO]: Cleaning cards from stages.
2018-03-02T14:00:45.9447150-05:00 [INFO]: Drawing a story card...
2018-03-02T14:00:45.9483470-05:00 [INFO]: A event card was drawn: Queen's Favor
2018-03-02T14:00:45.9507540-05:00 [INFO]: Handling event card: Queen's Favor
2018-03-02T14:00:46.6281010-05:00 [INFO]: Handling event card: Queen's Favor
2018-03-02T14:00:46.6314920-05:00 [INFO]: Loading player: 1
2018-03-02T14:00:46.7636940-05:00 [INFO]: Cleaning cards from stages.
2018-03-02T14:00:46.7666670-05:00 [INFO]: Drawing a story card...
2018-03-02T14:00:46.7698010-05:00 [INFO]: The check has ran out, reshuffling the deck!
2018-03-02T14:00:46.7729250-05:00 [INFO]: A event card was drawn: Queen's Favor
2018-03-02T14:00:46.7763660-05:00 [INFO]: There are too many cards in Player 1's hand, they must discard or play.
2018-03-02T14:00:46.7809750-05:00 [INFO]: There are too many cards in Player 1's hand, they must discard or play.
2018-03-02T14:00:46.8117780-05:00 [INFO]: There are too many cards in Player 1's hand, they must discard or play.
2018-03-02T14:00:55.1355460-05:00 [INFO]: Player 1 discarded: Horse
2018-03-02T14:00:55.1399260-05:00 [INFO]: Player 1 discarded: BattleAxe
2018-03-02T14:00:55.1434170-05:00 [INFO]: Player 1 discarded: Evil Knight
2018-03-02T14:00:55.1458980-05:00 [INFO]: Player 1 discarded: Horse
2018-03-02T14:00:55.1484860-05:00 [INFO]: Handling event card: Queen's Favor
2018-03-02T14:00:55.7419930-05:00 [INFO]: Handling event card: Queen's Favor
2018-03-02T14:00:55.7449320-05:00 [INFO]: Loading player: 2
2018-03-02T14:00:55.9607390-05:00 [INFO]: Cleaning cards from stages.
2018-03-02T14:00:55.9637330-05:00 [INFO]: Drawing a story card...
2018-03-02T14:00:55.9677400-05:00 [INFO]: A quest card was drawn: Boar Hunt
2018-03-02T14:00:55.9713200-05:00 [INFO]: There are too many cards in Player 2's hand, they must discard or play.
2018-03-02T14:00:55.9749000-05:00 [INFO]: Player 2 decided to NOT join the quest.
2018-03-02T14:00:55.9788730-05:00 [INFO]: Displaying join quest prompt!
2018-03-02T14:00:55.9969940-05:00 [INFO]: Player 3 decided to join the quest.
2018-03-02T14:00:56.0072680-05:00 [INFO]: Displaying join quest prompt!
2018-03-02T14:00:56.0118550-05:00 [INFO]: Loading player: 4
2018-03-02T14:00:56.2963090-05:00 [INFO]: Loading player: 4
2018-03-02T14:00:57.7220770-05:00 [INFO]: Player 4 decided to join the quest.
2018-03-02T14:00:57.7282160-05:00 [INFO]: Ending the quest because no players joined.
2018-03-02T14:00:57.7323520-05:00 [INFO]: Quest has been fully reset and ended.
2018-03-02T14:00:57.7353650-05:00 [INFO]: Loading player: 3
2018-03-02T14:00:58.1118570-05:00 [INFO]: Cleaning cards from stages.
2018-03-02T14:00:58.1266840-05:00 [INFO]: Drawing a story card...
2018-03-02T14:00:58.1304820-05:00 [INFO]: A event card was drawn: Prosperity Throughout the Realm
2018-03-02T14:00:58.1341040-05:00 [INFO]: There are too many cards in Player 3's hand, they must discard or play.
2018-03-02T14:00:58.1378490-05:00 [INFO]: There are too many cards in Player 3's hand, they must discard or play.
2018-03-02T14:01:13.6923860-05:00 [INFO]: Player 3 discarded: Sword
2018-03-02T14:01:13.6938640-05:00 [INFO]: Player 3 discarded: Sword
2018-03-02T14:01:13.6967140-05:00 [INFO]: Player 3 discarded: Sword
2018-03-02T14:01:13.6982570-05:00 [INFO]: Player 3 discarded: Sword
2018-03-02T14:01:13.6998000-05:00 [INFO]: Player 3 discarded: Sword
2018-03-02T14:01:13.7011500-05:00 [INFO]: Handling event card: Prosperity Throughout the Realm
2018-03-02T14:01:14.7584510-05:00 [INFO]: A story card has already been drawn.
2018-03-04T14:13:09.1117690-05:00 [INFO]: Initializing Game object.
2018-03-04T14:13:11.3938250-05:00 [INFO]: Normal mode selected.
2018-03-04T14:13:11.3966770-05:00 [INFO]: Setting up game...
2018-03-04T14:13:11.4028930-05:00 [INFO]: Creating Player 1 as a human player.
2018-03-04T14:13:11.4046730-05:00 [INFO]: Creating Player 2 as a human player.
2018-03-04T14:13:11.4063460-05:00 [INFO]: Creating Player 3 as a human player.
2018-03-04T14:13:11.4080500-05:00 [INFO]: Creating Player 4 as a human player.
2018-03-04T14:13:11.7362230-05:00 [INFO]: Created adventure deck with 117 cards.
2018-03-04T14:13:11.8056590-05:00 [INFO]: Created story deck with 25 cards.
2018-03-04T14:13:11.8089840-05:00 [INFO]: Dealing 12 cards from adventure deck to each player.
2018-03-04T14:13:11.8139710-05:00 [INFO]: Loading player: 1
2018-03-04T14:13:11.9935250-05:00 [INFO]: Cleaning cards from stages.
2018-03-04T14:13:16.6526760-05:00 [INFO]: Initializing Game object.
2018-03-04T14:13:23.6312600-05:00 [INFO]: Normal mode selected.
2018-03-04T14:13:23.6332290-05:00 [INFO]: Setting up game...
2018-03-04T14:13:23.6395120-05:00 [INFO]: Creating Player 1 as a human player.
2018-03-04T14:13:23.6412250-05:00 [INFO]: Creating Player 2 as an AI player.
2018-03-04T14:13:23.6426480-05:00 [INFO]: Creating Player 3 as an AI player.
2018-03-04T14:13:23.6441860-05:00 [INFO]: Creating Player 4 as an AI player.
2018-03-04T14:13:23.8271200-05:00 [INFO]: Created adventure deck with 117 cards.
2018-03-04T14:13:23.8677380-05:00 [INFO]: Created story deck with 25 cards.
2018-03-04T14:13:23.8694910-05:00 [INFO]: Dealing 12 cards from adventure deck to each player.
2018-03-04T14:13:23.8736210-05:00 [INFO]: Loading player: 1
2018-03-04T14:13:23.9597880-05:00 [INFO]: Cleaning cards from stages.
2018-03-04T14:13:24.9582400-05:00 [INFO]: Drawing a story card...
2018-03-04T14:13:24.9632530-05:00 [INFO]: A quest card was drawn: Vanquish King Arthur's Enemies
2018-03-04T14:13:24.9673430-05:00 [INFO]: Displaying sponsor prompt!
2018-03-04T14:13:26.3060480-05:00 [INFO]: Player 1 decided to sponsor the quest.
2018-03-04T14:13:26.3082610-05:00 [INFO]: Setting up stages for quest: Vanquish King Arthur's Enemies
2018-03-04T14:13:39.3431780-05:00 [INFO]: Using low power for Saxons because it is NOT featured.
2018-03-04T14:13:39.3448160-05:00 [INFO]: Using low power for Robber Knight because it is NOT featured.
2018-03-04T14:13:39.3461470-05:00 [INFO]: Using low power for Evil Knight because it is NOT featured.
2018-03-04T14:13:39.3486250-05:00 [INFO]: Loading player: 2
2018-03-04T14:13:39.4261940-05:00 [INFO]: Displaying join quest prompt!
2018-03-04T14:13:39.4313870-05:00 [INFO]: Player 2 decided to join the quest.
2018-03-04T14:13:39.4346270-05:00 [INFO]: Displaying join quest prompt!
2018-03-04T14:13:39.4410800-05:00 [INFO]: Player 3 decided to join the quest.
2018-03-04T14:13:39.4448230-05:00 [INFO]: Displaying join quest prompt!
2018-03-04T14:14:09.5386840-05:00 [INFO]: Initializing Game object.
2018-03-04T14:14:15.2088350-05:00 [INFO]: Normal mode selected.
2018-03-04T14:14:15.2112200-05:00 [INFO]: Setting up game...
2018-03-04T14:14:15.2171890-05:00 [INFO]: Creating Player 1 as a human player.
2018-03-04T14:14:15.2188060-05:00 [INFO]: Creating Player 2 as an AI player.
2018-03-04T14:14:15.2203350-05:00 [INFO]: Creating Player 3 as a human player.
2018-03-04T14:14:15.2217890-05:00 [INFO]: Creating Player 4 as a human player.
2018-03-04T14:14:15.4429210-05:00 [INFO]: Created adventure deck with 117 cards.
2018-03-04T14:14:15.4865510-05:00 [INFO]: Created story deck with 25 cards.
2018-03-04T14:14:15.4895240-05:00 [INFO]: Dealing 12 cards from adventure deck to each player.
2018-03-04T14:14:15.4949310-05:00 [INFO]: Loading player: 1
2018-03-04T14:14:15.5748140-05:00 [INFO]: Cleaning cards from stages.
2018-03-04T14:14:16.4199780-05:00 [INFO]: Drawing a story card...
2018-03-04T14:14:16.4269120-05:00 [INFO]: A event card was drawn: Queen's Favor
2018-03-04T14:14:16.4296060-05:00 [INFO]: Handling event card: Queen's Favor
2018-03-04T14:14:20.7859090-05:00 [INFO]: Initializing Game object.
2018-03-04T14:14:23.3730290-05:00 [INFO]: Quest Only mode selected.
2018-03-04T14:14:23.3751940-05:00 [INFO]: Setting up game...
2018-03-04T14:14:23.3800740-05:00 [INFO]: Creating Player 1 as a human player.
2018-03-04T14:14:23.3815360-05:00 [INFO]: Creating Player 2 as an AI player.
2018-03-04T14:14:23.3831630-05:00 [INFO]: Creating Player 3 as a human player.
2018-03-04T14:14:23.3843880-05:00 [INFO]: Creating Player 4 as a human player.
2018-03-04T14:14:23.5928050-05:00 [INFO]: Created adventure deck with 117 cards.
2018-03-04T14:14:23.6107520-05:00 [INFO]: Created story deck with 13 cards.
2018-03-04T14:14:23.6120440-05:00 [INFO]: Dealing 12 cards from adventure deck to each player.
2018-03-04T14:14:23.6147370-05:00 [INFO]: Loading player: 1
2018-03-04T14:14:23.7250360-05:00 [INFO]: Cleaning cards from stages.
2018-03-04T14:14:24.6832060-05:00 [INFO]: Drawing a story card...
2018-03-04T14:14:24.6881490-05:00 [INFO]: A quest card was drawn: Search for the Questing Beast
2018-03-04T14:14:24.6922440-05:00 [INFO]: Displaying sponsor prompt!
2018-03-04T14:14:25.5328600-05:00 [INFO]: Player 1 decided to sponsor the quest.
2018-03-04T14:14:25.5346310-05:00 [INFO]: Setting up stages for quest: Search for the Questing Beast
2018-03-04T14:14:37.1560820-05:00 [INFO]: Using low power for Thieves because it is NOT featured.
2018-03-04T14:14:37.1576880-05:00 [INFO]: Using low power for Evil Knight because it is NOT featured.
2018-03-04T14:14:37.1606710-05:00 [INFO]: Using low power for Giant because it is NOT featured.
2018-03-04T14:14:37.1623990-05:00 [INFO]: Using low power for Dragon because it is NOT featured.
2018-03-04T14:14:37.1650210-05:00 [INFO]: Loading player: 2
2018-03-04T14:14:37.2219370-05:00 [INFO]: Displaying join quest prompt!
2018-03-04T14:14:37.2287130-05:00 [INFO]: Player 2 decided to NOT join the quest.
2018-03-04T14:14:37.2315640-05:00 [INFO]: Displaying join quest prompt!
2018-03-04T14:14:37.2333230-05:00 [INFO]: Loading player: 3
2018-03-04T14:17:33.5984110-05:00 [INFO]: Initializing Game object.
2018-03-04T14:17:43.0526200-05:00 [INFO]: Quest Only mode selected.
2018-03-04T14:17:43.0638660-05:00 [INFO]: Setting up game...
2018-03-04T14:17:43.0696770-05:00 [INFO]: Creating Player 1 as a human player.
2018-03-04T14:17:43.0711330-05:00 [INFO]: Creating Player 2 as an AI player.
2018-03-04T14:17:43.0728210-05:00 [INFO]: Creating Player 3 as an AI player.
2018-03-04T14:17:43.0747420-05:00 [INFO]: Creating Player 4 as an AI player.
2018-03-04T14:17:43.2866750-05:00 [INFO]: Created adventure deck with 117 cards.
2018-03-04T14:17:43.3045460-05:00 [INFO]: Created story deck with 13 cards.
2018-03-04T14:17:43.3059050-05:00 [INFO]: Dealing 12 cards from adventure deck to each player.
2018-03-04T14:17:43.3089720-05:00 [INFO]: Loading player: 1
2018-03-04T14:17:43.4064850-05:00 [INFO]: Cleaning cards from stages.
2018-03-04T14:17:45.2774670-05:00 [INFO]: Drawing a story card...
2018-03-04T14:17:45.2821630-05:00 [INFO]: A quest card was drawn: Rescue the Fair Maiden
2018-03-04T14:17:45.2862130-05:00 [INFO]: Displaying sponsor prompt!
2018-03-04T14:17:47.3562970-05:00 [INFO]: Player 1 decided to sponsor the quest.
2018-03-04T14:17:47.3579640-05:00 [INFO]: Setting up stages for quest: Rescue the Fair Maiden
2018-03-04T14:17:56.5195460-05:00 [INFO]: Using low power for Thieves because it is NOT featured.
2018-03-04T14:17:56.5211650-05:00 [INFO]: Using low power for Boar because it is NOT featured.
2018-03-04T14:17:56.5243450-05:00 [INFO]: Using high power for Black Knight because it is featured.
2018-03-04T14:17:56.5394580-05:00 [INFO]: Loading player: 2
2018-03-04T14:17:56.5849100-05:00 [INFO]: Displaying join quest prompt!
2018-03-04T14:17:56.5919510-05:00 [INFO]: Player 2 decided to join the quest.
2018-03-04T14:17:56.5940480-05:00 [INFO]: Displaying join quest prompt!
2018-03-04T14:17:56.6003840-05:00 [INFO]: Player 3 decided to join the quest.
2018-03-04T14:17:56.6043480-05:00 [INFO]: Displaying join quest prompt!
2018-03-05T11:13:06.5647650-05:00 [INFO]: Initializing Game object.
2018-03-05T11:13:15.8880560-05:00 [INFO]: Normal mode selected.
2018-03-05T11:13:15.8900830-05:00 [INFO]: Setting up game...
2018-03-05T11:13:15.9041960-05:00 [INFO]: Creating Player 1 as a human player.
2018-03-05T11:13:15.9063150-05:00 [INFO]: Creating Player 2 as a human player.
2018-03-05T11:13:15.9083280-05:00 [INFO]: Creating Player 3 as a human player.
2018-03-05T11:13:15.9098890-05:00 [INFO]: Creating Player 4 as a human player.
2018-03-05T11:13:16.0681080-05:00 [INFO]: Created adventure deck with 117 cards.
2018-03-05T11:13:16.0974680-05:00 [INFO]: Created story deck with 25 cards.
2018-03-05T11:13:16.0987370-05:00 [INFO]: Dealing 12 cards from adventure deck to each player.
2018-03-05T11:13:16.1119480-05:00 [INFO]: Loading player: 1
2018-03-05T11:13:16.1934470-05:00 [INFO]: Cleaning cards from stages.
2018-03-05T11:13:17.3316410-05:00 [INFO]: Drawing a story card...
2018-03-05T11:13:17.3470540-05:00 [INFO]: A event card was drawn: Plague
2018-03-05T11:13:17.3497710-05:00 [INFO]: Handling event card: Plague
