-------------------- INITIALIZE LOGGER ---------------------
2018-03-01T20:06:26.5633250-05:00: Logger initialized
-------------------- INITIALIZE LOGGER ---------------------
2018-03-01T20:07:02.4293290-05:00: Logger initialized
-------------------- INITIALIZE LOGGER ---------------------
2018-03-01T20:07:04.1866440-05:00: Logger initialized
2018-03-01T20:07:04.2157600-05:00 [INFO]: Initializing Game object.
2018-03-01T20:07:13.7189150-05:00 [INFO]: Quest Only mode selected.
2018-03-01T20:07:13.7222390-05:00 [INFO]: Setting up game...
2018-03-01T20:07:13.7358480-05:00 [INFO]: Creating Player 1 as a human player.
2018-03-01T20:07:13.7379520-05:00 [INFO]: Creating Player 2 as a human player.
2018-03-01T20:07:13.7392930-05:00 [INFO]: Creating Player 3 as a human player.
2018-03-01T20:07:13.7404320-05:00 [INFO]: Creating Player 4 as a human player.
2018-03-01T20:07:13.9050880-05:00 [INFO]: Created adventure deck with 117 cards.
2018-03-01T20:07:13.9330290-05:00 [INFO]: Created story deck with 13 cards.
2018-03-01T20:07:13.9333600-05:00 [INFO]: Dealing 12 cards from adventure deck to each player.
2018-03-01T20:07:13.9373000-05:00 [INFO]: Loading player: 1
2018-03-01T20:07:14.0483580-05:00 [INFO]: Cleaning cards from stages.
2018-03-01T20:07:28.5494440-05:00 [INFO]: Drawing a story card...
2018-03-01T20:07:28.5577620-05:00 [INFO]: A quest card was drawn: Repel the Saxxon Raiders
2018-03-01T20:07:28.5624420-05:00 [INFO]: Displaying sponsor prompt!
2018-03-01T20:08:34.0260850-05:00 [INFO]: Player 1 decided to sponsor the quest.
2018-03-01T20:08:34.0280740-05:00 [INFO]: Setting up stages for quest: Repel the Saxxon Raiders
2018-03-01T20:09:01.4996320-05:00 [WARN]: Quest setup is invalid: not ascending power level.
2018-03-01T20:09:13.7989290-05:00 [INFO]: Loading player: 2
2018-03-01T20:09:13.9092240-05:00 [INFO]: Displaying join quest prompt!
2018-03-01T20:09:20.9474460-05:00 [INFO]: Player 2 decided to join the quest.
2018-03-01T20:09:20.9481260-05:00 [INFO]: Displaying join quest prompt!
2018-03-01T20:09:20.9507750-05:00 [INFO]: Loading player: 3
2018-03-01T20:09:27.0301790-05:00 [INFO]: Player 3 decided to NOT join the quest.
2018-03-01T20:09:27.0318790-05:00 [INFO]: Displaying join quest prompt!
2018-03-01T20:09:27.0346750-05:00 [INFO]: Loading player: 4
2018-03-01T20:09:36.8643010-05:00 [INFO]: Player 4 decided to join the quest.
2018-03-01T20:09:36.8658370-05:00 [INFO]: Giving Player 2 one adventure card for joining the quest.
2018-03-01T20:09:36.8686410-05:00 [INFO]: Giving Player 2 one adventure card for joining the quest.
2018-03-01T20:09:36.8710180-05:00 [INFO]: Moving to setup weapons state.
2018-03-01T20:09:36.8727430-05:00 [INFO]: Loading player: 2
-------------------- INITIALIZE LOGGER ---------------------
2018-03-01T20:10:02.4097390-05:00: Logger initialized
-------------------- INITIALIZE LOGGER ---------------------
2018-03-01T20:11:06.9033060-05:00: Logger initialized
-------------------- INITIALIZE LOGGER ---------------------
2018-03-01T20:11:32.7294010-05:00: Logger initialized
-------------------- INITIALIZE LOGGER ---------------------
2018-03-01T20:11:34.1327330-05:00: Logger initialized
2018-03-01T20:11:34.1720950-05:00 [INFO]: Initializing Game object.
-------------------- INITIALIZE LOGGER ---------------------
2018-03-01T20:11:48.7282150-05:00: Logger initialized
-------------------- INITIALIZE LOGGER ---------------------
2018-03-01T20:14:26.1836790-05:00: Logger initialized
-------------------- INITIALIZE LOGGER ---------------------
2018-03-01T20:14:27.5687660-05:00: Logger initialized
2018-03-01T20:14:27.6071450-05:00 [INFO]: Initializing Game object.
-------------------- INITIALIZE LOGGER ---------------------
2018-03-01T20:14:51.0833700-05:00: Logger initialized
2018-03-01T20:14:57.3711150-05:00 [INFO]: Initializing Game object.
-------------------- INITIALIZE LOGGER ---------------------
2018-03-01T20:15:08.4664140-05:00: Logger initialized
-------------------- INITIALIZE LOGGER ---------------------
2018-03-01T20:15:12.2853670-05:00: Logger initialized
-------------------- INITIALIZE LOGGER ---------------------
2018-03-01T20:15:13.6509430-05:00: Logger initialized
2018-03-01T20:15:13.6892160-05:00 [INFO]: Initializing Game object.
-------------------- INITIALIZE LOGGER ---------------------
2018-03-01T20:15:19.2041130-05:00: Logger initialized
2018-03-01T20:15:34.7380220-05:00 [INFO]: Initializing Game object.
2018-03-01T20:15:38.7544880-05:00 [INFO]: Quest Only mode selected.
2018-03-01T20:15:38.7596510-05:00 [INFO]: Setting up game...
2018-03-01T20:15:38.7692500-05:00 [INFO]: Creating Player 1 as a human player.
2018-03-01T20:15:38.7721740-05:00 [INFO]: Creating Player 2 as a human player.
2018-03-01T20:15:38.7741110-05:00 [INFO]: Creating Player 3 as a human player.
2018-03-01T20:15:38.7767060-05:00 [INFO]: Creating Player 4 as a human player.
2018-03-01T20:15:38.9327450-05:00 [INFO]: Created adventure deck with 117 cards.
2018-03-01T20:15:38.9556980-05:00 [INFO]: Created story deck with 13 cards.
2018-03-01T20:15:38.9584570-05:00 [INFO]: Dealing 12 cards from adventure deck to each player.
2018-03-01T20:15:38.9644630-05:00 [INFO]: Loading player: 1
2018-03-01T20:15:39.0800480-05:00 [INFO]: Cleaning cards from stages.
2018-03-01T20:15:51.4263890-05:00 [INFO]: Initializing Game object.
2018-03-01T20:20:51.5484950-05:00 [INFO]: Initializing Game object.
2018-03-01T20:21:06.9393700-05:00 [INFO]: Quest Only mode selected.
2018-03-01T20:21:06.9443120-05:00 [INFO]: Setting up game...
2018-03-01T20:21:06.9516650-05:00 [INFO]: Creating Player 1 as a human player.
2018-03-01T20:21:06.9548140-05:00 [INFO]: Creating Player 2 as a human player.
2018-03-01T20:21:06.9572270-05:00 [INFO]: Creating Player 3 as a human player.
2018-03-01T20:21:06.9596330-05:00 [INFO]: Creating Player 4 as a human player.
2018-03-01T20:21:07.1242640-05:00 [INFO]: Created adventure deck with 117 cards.
2018-03-01T20:21:07.1413130-05:00 [INFO]: Created story deck with 13 cards.
2018-03-01T20:21:07.1424980-05:00 [INFO]: Dealing 12 cards from adventure deck to each player.
2018-03-01T20:21:07.1453060-05:00 [INFO]: Loading player: 1
2018-03-01T20:21:07.2609050-05:00 [INFO]: Cleaning cards from stages.
2018-03-01T20:21:32.1052730-05:00 [INFO]: Drawing a story card...
2018-03-01T20:21:32.1158370-05:00 [INFO]: A quest card was drawn: Search for the Questing Beast
2018-03-01T20:21:32.1235220-05:00 [INFO]: Displaying sponsor prompt!
2018-03-01T20:21:38.3071420-05:00 [INFO]: Player 1 decided to sponsor the quest.
2018-03-01T20:21:38.3100630-05:00 [INFO]: Setting up stages for quest: Search for the Questing Beast
2018-03-01T20:21:54.3464880-05:00 [INFO]: Initializing Game object.
2018-03-01T20:21:56.3088140-05:00 [INFO]: Quest Only mode selected.
2018-03-01T20:21:56.3117030-05:00 [INFO]: Setting up game...
2018-03-01T20:21:56.3203690-05:00 [INFO]: Creating Player 1 as a human player.
2018-03-01T20:21:56.3229050-05:00 [INFO]: Creating Player 2 as a human player.
2018-03-01T20:21:56.3248620-05:00 [INFO]: Creating Player 3 as a human player.
2018-03-01T20:21:56.3267690-05:00 [INFO]: Creating Player 4 as a human player.
2018-03-01T20:21:56.4960650-05:00 [INFO]: Created adventure deck with 117 cards.
2018-03-01T20:21:56.5127750-05:00 [INFO]: Created story deck with 13 cards.
2018-03-01T20:21:56.5141280-05:00 [INFO]: Dealing 12 cards from adventure deck to each player.
2018-03-01T20:21:56.5169720-05:00 [INFO]: Loading player: 1
2018-03-01T20:21:56.6334690-05:00 [INFO]: Cleaning cards from stages.
2018-03-01T20:22:00.6072860-05:00 [INFO]: Drawing a story card...
2018-03-01T20:22:00.6145840-05:00 [INFO]: A quest card was drawn: Search for the Questing Beast
2018-03-01T20:22:00.6204660-05:00 [INFO]: Displaying sponsor prompt!
2018-03-01T20:22:01.9277070-05:00 [INFO]: Player 1 decided to sponsor the quest.
2018-03-01T20:22:01.9304410-05:00 [INFO]: Setting up stages for quest: Search for the Questing Beast
2018-03-01T20:22:18.0984260-05:00 [INFO]: Loading player: 2
2018-03-01T20:22:18.1754520-05:00 [INFO]: Displaying join quest prompt!
2018-03-01T20:22:21.6284600-05:00 [INFO]: Player 2 decided to join the quest.
2018-03-01T20:22:21.6329560-05:00 [INFO]: Displaying join quest prompt!
2018-03-01T20:22:21.6355300-05:00 [INFO]: Loading player: 3
2018-03-01T20:22:23.1505490-05:00 [INFO]: Player 3 decided to NOT join the quest.
2018-03-01T20:22:23.1536040-05:00 [INFO]: Displaying join quest prompt!
2018-03-01T20:22:23.1600680-05:00 [INFO]: Loading player: 4
2018-03-01T20:22:32.3930740-05:00 [INFO]: Player 4 decided to join the quest.
2018-03-01T20:22:32.3970490-05:00 [INFO]: Giving Player 2 one adventure card for joining the quest.
2018-03-01T20:22:32.4001980-05:00 [INFO]: Giving Player 4 one adventure card for joining the quest.
2018-03-01T20:22:32.4027990-05:00 [INFO]: Moving to setup weapons state.
2018-03-01T20:22:32.4054180-05:00 [INFO]: Loading player: 2
2018-03-01T20:25:51.3629850-05:00 [INFO]: Initializing Game object.
2018-03-01T20:25:56.3188540-05:00 [INFO]: Quest Only mode selected.
2018-03-01T20:25:56.3234630-05:00 [INFO]: Setting up game...
2018-03-01T20:25:56.3308450-05:00 [INFO]: Creating Player 1 as a human player.
2018-03-01T20:25:56.3331430-05:00 [INFO]: Creating Player 2 as a human player.
2018-03-01T20:25:56.3343820-05:00 [INFO]: Creating Player 3 as a human player.
2018-03-01T20:25:56.3355190-05:00 [INFO]: Creating Player 4 as a human player.
2018-03-01T20:25:56.5329720-05:00 [INFO]: Created adventure deck with 117 cards.
2018-03-01T20:25:56.5620560-05:00 [INFO]: Created story deck with 13 cards.
2018-03-01T20:25:56.5636610-05:00 [INFO]: Dealing 12 cards from adventure deck to each player.
2018-03-01T20:25:56.5747830-05:00 [INFO]: Loading player: 1
2018-03-01T20:25:56.6712150-05:00 [INFO]: Cleaning cards from stages.
2018-03-01T20:26:05.2499310-05:00 [INFO]: Drawing a story card...
2018-03-01T20:26:05.2571690-05:00 [INFO]: A quest card was drawn: Journey Through the Enchanted Forest
2018-03-01T20:26:05.2638880-05:00 [INFO]: Displaying sponsor prompt!
2018-03-01T20:26:09.1516000-05:00 [INFO]: Player 1 decided to sponsor the quest.
2018-03-01T20:26:09.1546410-05:00 [INFO]: Setting up stages for quest: Journey Through the Enchanted Forest
2018-03-01T20:26:39.8233360-05:00 [INFO]: Loading player: 2
2018-03-01T20:26:39.8977080-05:00 [INFO]: Displaying join quest prompt!
2018-03-01T20:26:44.7875560-05:00 [INFO]: Player 2 decided to join the quest.
2018-03-01T20:26:44.7899180-05:00 [INFO]: Displaying join quest prompt!
2018-03-01T20:26:44.7917020-05:00 [INFO]: Loading player: 3
2018-03-01T20:26:47.7043660-05:00 [INFO]: Player 3 decided to NOT join the quest.
2018-03-01T20:26:47.7082650-05:00 [INFO]: Displaying join quest prompt!
2018-03-01T20:26:47.7106910-05:00 [INFO]: Loading player: 4
2018-03-01T20:26:49.0712390-05:00 [INFO]: Player 4 decided to join the quest.
2018-03-01T20:26:49.0745550-05:00 [INFO]: Giving Player 2 one adventure card for joining the quest.
2018-03-01T20:26:49.0939390-05:00 [INFO]: Giving Player 4 one adventure card for joining the quest.
2018-03-01T20:26:49.0963140-05:00 [INFO]: Moving to setup weapons state.
2018-03-01T20:26:49.0981890-05:00 [INFO]: Loading player: 2
2018-03-01T20:27:07.1410910-05:00 [INFO]: Loading player: 4
2018-03-01T20:27:13.9714690-05:00 [INFO]: All playing players have setup weapons for stage 0
2018-03-01T20:27:13.9739220-05:00 [INFO]: Flipping cards in stage 0
2018-03-01T20:27:13.9776870-05:00 [INFO]: Stage 1 has a power level of 15.
2018-03-01T20:27:13.9810160-05:00 [INFO]: Player 1 died on stage 1.
2018-03-01T20:27:13.9835290-05:00 [INFO]: Loading player: 2
2018-03-01T20:28:09.5629860-05:00 [INFO]: Stage 1 has a power level of 15.
2018-03-01T20:28:09.5696260-05:00 [WARN]: Player 3 passed stage 1.
2018-03-01T20:28:09.5725440-05:00 [INFO]: Loading player: 4
2018-03-01T20:28:44.3071210-05:00 [INFO]: Initializing Game object.
2018-03-01T20:28:46.2514050-05:00 [INFO]: Quest Only mode selected.
2018-03-01T20:28:46.2547660-05:00 [INFO]: Setting up game...
2018-03-01T20:28:46.2642010-05:00 [INFO]: Creating Player 1 as a human player.
2018-03-01T20:28:46.2673110-05:00 [INFO]: Creating Player 2 as a human player.
2018-03-01T20:28:46.2690780-05:00 [INFO]: Creating Player 3 as a human player.
2018-03-01T20:28:46.2707730-05:00 [INFO]: Creating Player 4 as a human player.
2018-03-01T20:28:46.4437700-05:00 [INFO]: Created adventure deck with 117 cards.
2018-03-01T20:28:46.4627390-05:00 [INFO]: Created story deck with 13 cards.
2018-03-01T20:28:46.4639330-05:00 [INFO]: Dealing 12 cards from adventure deck to each player.
2018-03-01T20:28:46.4667310-05:00 [INFO]: Loading player: 1
2018-03-01T20:28:46.5674740-05:00 [INFO]: Cleaning cards from stages.
2018-03-01T20:28:47.5833400-05:00 [INFO]: Drawing a story card...
2018-03-01T20:28:47.5905820-05:00 [INFO]: A quest card was drawn: Defend the Queen's Honor
2018-03-01T20:28:47.5977040-05:00 [INFO]: Displaying sponsor prompt!
2018-03-01T20:28:49.6025880-05:00 [INFO]: Player 1 decided to sponsor the quest.
2018-03-01T20:28:49.6053660-05:00 [INFO]: Setting up stages for quest: Defend the Queen's Honor
2018-03-01T20:29:15.0716610-05:00 [WARN]: Quest setup is invalid: not ascending power level.
2018-03-01T20:29:31.9568820-05:00 [INFO]: Loading player: 2
2018-03-01T20:29:32.0367140-05:00 [INFO]: Displaying join quest prompt!
2018-03-01T20:29:34.1047070-05:00 [INFO]: Player 2 decided to join the quest.
2018-03-01T20:29:34.1072730-05:00 [INFO]: Displaying join quest prompt!
2018-03-01T20:29:34.1089900-05:00 [INFO]: Loading player: 3
2018-03-01T20:29:34.7549180-05:00 [INFO]: Player 3 decided to NOT join the quest.
2018-03-01T20:29:34.7569990-05:00 [INFO]: Displaying join quest prompt!
2018-03-01T20:29:34.7593020-05:00 [INFO]: Loading player: 4
2018-03-01T20:29:35.6208810-05:00 [INFO]: Player 4 decided to join the quest.
2018-03-01T20:29:35.6236830-05:00 [INFO]: Giving Player 2 one adventure card for joining the quest.
2018-03-01T20:29:35.6254780-05:00 [INFO]: Giving Player 4 one adventure card for joining the quest.
2018-03-01T20:29:35.6269150-05:00 [INFO]: Moving to setup weapons state.
2018-03-01T20:29:35.6281500-05:00 [INFO]: Loading player: 2
2018-03-01T20:29:45.9052460-05:00 [INFO]: Loading player: 4
2018-03-01T20:29:57.8393360-05:00 [INFO]: All playing players have setup weapons for stage 1
2018-03-01T20:29:57.8418750-05:00 [INFO]: Flipping cards in stage 1
2018-03-01T20:29:57.8461670-05:00 [INFO]: Stage 1 has a power level of 5.
2018-03-01T20:29:57.8487390-05:00 [INFO]: Player 1 passed stage 1.
2018-03-01T20:29:57.8506500-05:00 [INFO]: Loading player: 2
2018-03-01T20:30:00.1888850-05:00 [INFO]: Stage 1 has a power level of 5.
2018-03-01T20:30:00.1927180-05:00 [INFO]: Player 3 passed stage 1.
2018-03-01T20:30:00.1954680-05:00 [INFO]: Loading player: 4
2018-03-01T20:30:01.6901340-05:00 [INFO]: Swithing back to setup weapons state.
2018-03-01T20:30:01.6927190-05:00 [INFO]: Giving Player 2 an adventure card for passing the stage.
2018-03-01T20:30:01.6950860-05:00 [INFO]: Giving Player 4 an adventure card for passing the stage.
2018-03-01T20:30:01.6971120-05:00 [INFO]: Loading player: 2
2018-03-01T20:30:19.4910500-05:00 [INFO]: Loading player: 4
2018-03-01T20:30:25.5098930-05:00 [INFO]: All playing players have setup weapons for stage 2
2018-03-01T20:30:25.5127260-05:00 [INFO]: Flipping cards in stage 2
2018-03-01T20:30:25.5150670-05:00 [INFO]: Stage 2 has a power level of 15.
2018-03-01T20:30:25.5171240-05:00 [INFO]: Player 1 passed stage 2.
2018-03-01T20:30:25.5198110-05:00 [INFO]: Loading player: 2
2018-03-01T20:30:31.3424620-05:00 [INFO]: Stage 2 has a power level of 15.
2018-03-01T20:30:31.3454210-05:00 [INFO]: Player 3 died on stage 2.
2018-03-01T20:30:31.3474540-05:00 [INFO]: Loading player: 4
2018-03-01T20:30:59.2630270-05:00 [INFO]: Swithing back to setup weapons state.
2018-03-01T20:30:59.2676050-05:00 [INFO]: Giving Player 2 an adventure card for passing the stage.
2018-03-01T20:30:59.2704700-05:00 [INFO]: Loading player: 2
2018-03-01T20:31:10.1540080-05:00 [INFO]: Initializing Game object.
2018-03-01T20:31:13.3560320-05:00 [INFO]: Quest Only mode selected.
2018-03-01T20:31:13.3583290-05:00 [INFO]: Setting up game...
2018-03-01T20:31:13.3637460-05:00 [INFO]: Creating Player 1 as a human player.
2018-03-01T20:31:13.3658880-05:00 [INFO]: Creating Player 2 as a human player.
2018-03-01T20:31:13.3674810-05:00 [INFO]: Creating Player 3 as a human player.
2018-03-01T20:31:13.3692030-05:00 [INFO]: Creating Player 4 as a human player.
2018-03-01T20:31:13.5236220-05:00 [INFO]: Created adventure deck with 117 cards.
2018-03-01T20:31:13.5462190-05:00 [INFO]: Created story deck with 13 cards.
2018-03-01T20:31:13.5474580-05:00 [INFO]: Dealing 12 cards from adventure deck to each player.
2018-03-01T20:31:13.5502320-05:00 [INFO]: Loading player: 1
2018-03-01T20:31:13.6726850-05:00 [INFO]: Cleaning cards from stages.
2018-03-01T20:31:14.2816710-05:00 [INFO]: Drawing a story card...
2018-03-01T20:31:14.2878230-05:00 [INFO]: A quest card was drawn: Search for the Holy Grail
2018-03-01T20:31:14.2941380-05:00 [INFO]: Displaying sponsor prompt!
2018-03-01T20:31:20.0085880-05:00 [INFO]: Initializing Game object.
2018-03-01T20:31:29.0344850-05:00 [INFO]: Quest Only mode selected.
2018-03-01T20:31:29.0387620-05:00 [INFO]: Setting up game...
2018-03-01T20:31:29.0597100-05:00 [INFO]: Creating Player 1 as a human player.
2018-03-01T20:31:29.0622310-05:00 [INFO]: Creating Player 2 as a human player.
2018-03-01T20:31:29.0640960-05:00 [INFO]: Creating Player 3 as a human player.
2018-03-01T20:31:29.0663270-05:00 [INFO]: Creating Player 4 as a human player.
2018-03-01T20:31:29.2397820-05:00 [INFO]: Created adventure deck with 117 cards.
2018-03-01T20:31:29.2589530-05:00 [INFO]: Created story deck with 13 cards.
2018-03-01T20:31:29.2606040-05:00 [INFO]: Dealing 12 cards from adventure deck to each player.
2018-03-01T20:31:29.2647180-05:00 [INFO]: Loading player: 1
2018-03-01T20:31:29.3664840-05:00 [INFO]: Cleaning cards from stages.
2018-03-01T20:31:31.3163770-05:00 [INFO]: Drawing a story card...
2018-03-01T20:31:31.3222520-05:00 [INFO]: A quest card was drawn: Search for the Holy Grail
2018-03-01T20:31:31.3278980-05:00 [INFO]: Displaying sponsor prompt!
2018-03-01T20:31:37.5157170-05:00 [INFO]: Initializing Game object.
2018-03-01T20:31:39.5523250-05:00 [INFO]: Quest Only mode selected.
2018-03-01T20:31:39.5550390-05:00 [INFO]: Setting up game...
2018-03-01T20:31:39.5610950-05:00 [INFO]: Creating Player 1 as a human player.
2018-03-01T20:31:39.5629620-05:00 [INFO]: Creating Player 2 as a human player.
2018-03-01T20:31:39.5643600-05:00 [INFO]: Creating Player 3 as a human player.
2018-03-01T20:31:39.5668270-05:00 [INFO]: Creating Player 4 as a human player.
2018-03-01T20:31:39.7379950-05:00 [INFO]: Created adventure deck with 117 cards.
2018-03-01T20:31:39.7617260-05:00 [INFO]: Created story deck with 13 cards.
2018-03-01T20:31:39.7632060-05:00 [INFO]: Dealing 12 cards from adventure deck to each player.
2018-03-01T20:31:39.7659580-05:00 [INFO]: Loading player: 1
2018-03-01T20:31:39.8532510-05:00 [INFO]: Cleaning cards from stages.
2018-03-01T20:31:40.8028770-05:00 [INFO]: Drawing a story card...
2018-03-01T20:31:40.8080720-05:00 [INFO]: A quest card was drawn: Rescue the Fair Maiden
2018-03-01T20:31:40.8149110-05:00 [INFO]: Displaying sponsor prompt!
2018-03-01T20:31:42.6841900-05:00 [INFO]: Player 1 decided to sponsor the quest.
2018-03-01T20:31:42.6868090-05:00 [INFO]: Setting up stages for quest: Rescue the Fair Maiden
2018-03-01T20:31:53.2413600-05:00 [INFO]: Loading player: 2
2018-03-01T20:31:53.3274630-05:00 [INFO]: Displaying join quest prompt!
2018-03-01T20:31:54.3009270-05:00 [INFO]: Player 2 decided to join the quest.
2018-03-01T20:31:54.3046450-05:00 [INFO]: Displaying join quest prompt!
2018-03-01T20:31:54.3073180-05:00 [INFO]: Loading player: 3
2018-03-01T20:31:54.7687880-05:00 [INFO]: Player 3 decided to NOT join the quest.
2018-03-01T20:31:54.7715390-05:00 [INFO]: Displaying join quest prompt!
2018-03-01T20:31:54.7738190-05:00 [INFO]: Loading player: 4
2018-03-01T20:31:55.2855690-05:00 [INFO]: Player 4 decided to join the quest.
2018-03-01T20:31:55.2881880-05:00 [INFO]: Giving Player 2 one adventure card for joining the quest.
2018-03-01T20:31:55.2907500-05:00 [INFO]: Giving Player 4 one adventure card for joining the quest.
2018-03-01T20:31:55.2924160-05:00 [INFO]: Moving to setup weapons state.
2018-03-01T20:31:55.2939800-05:00 [INFO]: Loading player: 2
2018-03-01T20:31:58.8016360-05:00 [INFO]: Loading player: 4
2018-03-01T20:32:02.5371300-05:00 [INFO]: All playing players have setup weapons for stage 1
2018-03-01T20:32:02.5397270-05:00 [INFO]: Flipping cards in stage 1
2018-03-01T20:32:02.5436890-05:00 [INFO]: Stage 1 has a power level of 15.
2018-03-01T20:32:02.5460150-05:00 [INFO]: Player 2 died on stage 1.
2018-03-01T20:32:02.5480710-05:00 [INFO]: Loading player: 2
2018-03-01T20:32:03.7686390-05:00 [INFO]: Stage 1 has a power level of 15.
2018-03-01T20:32:03.7714810-05:00 [INFO]: Player 4 died on stage 1.
2018-03-01T20:32:03.7739560-05:00 [INFO]: Loading player: 4
2018-03-01T20:32:05.9864450-05:00 [INFO]: Quest is over and everyone died!	
2018-03-01T20:32:05.9893080-05:00 [INFO]: Quest has been fully reset and ended.
2018-03-01T20:32:05.9912220-05:00 [INFO]: Loading player: 2
2018-03-01T20:32:06.0484750-05:00 [INFO]: Cleaning cards from stages.
2018-03-01T20:32:26.1058590-05:00 [INFO]: Player 1 must draw a card before ending their turn.
2018-03-01T20:33:14.3421650-05:00 [INFO]: Drawing a story card...
2018-03-01T20:33:14.3534360-05:00 [INFO]: A quest card was drawn: Vanquish King Arthur's Enemies
2018-03-01T20:33:14.3567010-05:00 [INFO]: Displaying sponsor prompt!
