2018-03-02T14:00:02.8371990-05:00 [INFO]: Initializing Game object.
2018-03-02T14:00:11.8593590-05:00 [INFO]: Boar Hunt mode selected.
2018-03-02T14:00:11.8616800-05:00 [INFO]: Setting up game...
2018-03-02T14:00:11.8675220-05:00 [INFO]: Creating Player 1 as an AI player.
2018-03-02T14:00:11.8693720-05:00 [INFO]: Creating Player 2 as an AI player.
2018-03-02T14:00:11.8705740-05:00 [INFO]: Creating Player 3 as an AI player.
2018-03-02T14:00:11.8717500-05:00 [INFO]: Creating Player 4 as a human player.
2018-03-02T14:00:12.2616410-05:00 [INFO]: Created adventure deck with 117 cards.
2018-03-02T14:00:12.2957400-05:00 [INFO]: Created story deck with 5 cards.
2018-03-02T14:00:12.2990840-05:00 [INFO]: Dealing 12 cards from adventure deck to each player.
2018-03-02T14:00:12.3238040-05:00 [INFO]: Loading player: 1
2018-03-02T14:00:12.5271110-05:00 [INFO]: Cleaning cards from stages.
2018-03-02T14:00:12.5314830-05:00 [INFO]: Drawing a story card...
2018-03-02T14:00:12.5366340-05:00 [INFO]: A quest card was drawn: Boar Hunt
2018-03-02T14:00:12.5503600-05:00 [INFO]: Displaying sponsor prompt!
2018-03-02T14:00:12.5746510-05:00 [INFO]: Player 1 decided to sponsor the quest.
2018-03-02T14:00:12.5829590-05:00 [INFO]: Setting up stages for quest: Boar Hunt
2018-03-02T14:00:12.6809210-05:00 [INFO]: Loading player: 2
2018-03-02T14:00:12.8569290-05:00 [INFO]: Displaying join quest prompt!
2018-03-02T14:00:12.8674000-05:00 [INFO]: Player 2 decided to NOT join the quest.
2018-03-02T14:00:12.8718270-05:00 [INFO]: Displaying join quest prompt!
2018-03-02T14:00:12.8809860-05:00 [INFO]: Player 3 decided to join the quest.
2018-03-02T14:00:12.8908640-05:00 [INFO]: Displaying join quest prompt!
2018-03-02T14:00:12.9112070-05:00 [INFO]: Loading player: 4
2018-03-02T14:00:13.0889640-05:00 [INFO]: Loading player: 4
2018-03-02T14:00:16.3969570-05:00 [INFO]: Player 4 decided to join the quest.
2018-03-02T14:00:16.3985270-05:00 [INFO]: Giving Player 3 one adventure card for joining the quest.
2018-03-02T14:00:16.4014530-05:00 [INFO]: Giving Player 4 one adventure card for joining the quest.
2018-03-02T14:00:16.4039160-05:00 [INFO]: Moving to setup weapons state.
2018-03-02T14:00:16.4143830-05:00 [INFO]: Loading player: 4
2018-03-02T14:00:16.5257770-05:00 [INFO]: Loading player: 4
2018-03-02T14:00:18.2429630-05:00 [INFO]: There are too many cards in Player 1's hand, they must discard or play.
2018-03-02T14:00:35.7889530-05:00 [INFO]: All playing players have setup weapons for stage 1
2018-03-02T14:00:35.7918890-05:00 [INFO]: Flipping cards in stage 1
2018-03-02T14:00:35.7979880-05:00 [INFO]: Stage 1 has a power level of 35.
2018-03-02T14:00:35.8009270-05:00 [INFO]: Player 3 has a power level of 15.
2018-03-02T14:00:35.8038960-05:00 [INFO]: Player 3 died on stage 1.
2018-03-02T14:00:35.8073390-05:00 [INFO]: Loading player: 3
2018-03-02T14:00:36.7723350-05:00 [INFO]: There are too many cards in Player 1's hand, they must discard or play.
2018-03-02T14:00:37.2154400-05:00 [INFO]: There are too many cards in Player 1's hand, they must discard or play.
2018-03-02T14:00:42.8336630-05:00 [INFO]: Player 3 discarded: Sword
2018-03-02T14:00:42.8351200-05:00 [INFO]: Player 3 discarded: Lance
2018-03-02T14:00:42.8364390-05:00 [INFO]: Player 3 discarded: Horse
2018-03-02T14:00:42.8380790-05:00 [INFO]: Stage 1 has a power level of 35.
2018-03-02T14:00:42.8395060-05:00 [INFO]: Player 4 has a power level of 35.
2018-03-02T14:00:42.8410020-05:00 [INFO]: Player 4 died on stage 1.
2018-03-02T14:00:42.8423050-05:00 [INFO]: Loading player: 4
2018-03-02T14:00:43.3520560-05:00 [INFO]: Quest is over and everyone died!	
2018-03-02T14:00:43.3549370-05:00 [INFO]: Quest has been fully reset and ended.
2018-03-02T14:00:43.3577100-05:00 [INFO]: Loading player: 2
2018-03-02T14:00:43.4509360-05:00 [INFO]: Cleaning cards from stages.
2018-03-02T14:00:43.4546380-05:00 [INFO]: Drawing a story card...
2018-03-02T14:00:43.4588700-05:00 [INFO]: A event card was drawn: Prosperity Throughout the Realm
2018-03-02T14:00:43.4632440-05:00 [INFO]: Handling event card: Prosperity Throughout the Realm
2018-03-02T14:00:43.4699280-05:00 [INFO]: Handling event card: Prosperity Throughout the Realm
2018-03-02T14:00:43.4735500-05:00 [INFO]: Loading player: 3
2018-03-02T14:00:43.6540180-05:00 [INFO]: Cleaning cards from stages.
2018-03-02T14:00:43.6579820-05:00 [INFO]: Drawing a story card...
2018-03-02T14:00:43.6627910-05:00 [INFO]: A event card was drawn: Chivalrous Deed
2018-03-02T14:00:43.6956360-05:00 [INFO]: Handling event card: Chivalrous Deed
2018-03-02T14:00:43.7038160-05:00 [INFO]: Handling event card: Chivalrous Deed
2018-03-02T14:00:43.7082350-05:00 [INFO]: Loading player: 4
2018-03-02T14:00:43.8906090-05:00 [INFO]: Cleaning cards from stages.
2018-03-02T14:00:45.9447150-05:00 [INFO]: Drawing a story card...
2018-03-02T14:00:45.9483470-05:00 [INFO]: A event card was drawn: Queen's Favor
2018-03-02T14:00:45.9507540-05:00 [INFO]: Handling event card: Queen's Favor
2018-03-02T14:00:46.6281010-05:00 [INFO]: Handling event card: Queen's Favor
2018-03-02T14:00:46.6314920-05:00 [INFO]: Loading player: 1
2018-03-02T14:00:46.7636940-05:00 [INFO]: Cleaning cards from stages.
2018-03-02T14:00:46.7666670-05:00 [INFO]: Drawing a story card...
2018-03-02T14:00:46.7698010-05:00 [INFO]: The check has ran out, reshuffling the deck!
2018-03-02T14:00:46.7729250-05:00 [INFO]: A event card was drawn: Queen's Favor
2018-03-02T14:00:46.7763660-05:00 [INFO]: There are too many cards in Player 1's hand, they must discard or play.
2018-03-02T14:00:46.7809750-05:00 [INFO]: There are too many cards in Player 1's hand, they must discard or play.
2018-03-02T14:00:46.8117780-05:00 [INFO]: There are too many cards in Player 1's hand, they must discard or play.
2018-03-02T14:00:55.1355460-05:00 [INFO]: Player 1 discarded: Horse
2018-03-02T14:00:55.1399260-05:00 [INFO]: Player 1 discarded: BattleAxe
2018-03-02T14:00:55.1434170-05:00 [INFO]: Player 1 discarded: Evil Knight
2018-03-02T14:00:55.1458980-05:00 [INFO]: Player 1 discarded: Horse
2018-03-02T14:00:55.1484860-05:00 [INFO]: Handling event card: Queen's Favor
2018-03-02T14:00:55.7419930-05:00 [INFO]: Handling event card: Queen's Favor
2018-03-02T14:00:55.7449320-05:00 [INFO]: Loading player: 2
2018-03-02T14:00:55.9607390-05:00 [INFO]: Cleaning cards from stages.
2018-03-02T14:00:55.9637330-05:00 [INFO]: Drawing a story card...
2018-03-02T14:00:55.9677400-05:00 [INFO]: A quest card was drawn: Boar Hunt
2018-03-02T14:00:55.9713200-05:00 [INFO]: There are too many cards in Player 2's hand, they must discard or play.
2018-03-02T14:00:55.9749000-05:00 [INFO]: Player 2 decided to NOT join the quest.
2018-03-02T14:00:55.9788730-05:00 [INFO]: Displaying join quest prompt!
2018-03-02T14:00:55.9969940-05:00 [INFO]: Player 3 decided to join the quest.
2018-03-02T14:00:56.0072680-05:00 [INFO]: Displaying join quest prompt!
2018-03-02T14:00:56.0118550-05:00 [INFO]: Loading player: 4
2018-03-02T14:00:56.2963090-05:00 [INFO]: Loading player: 4
2018-03-02T14:00:57.7220770-05:00 [INFO]: Player 4 decided to join the quest.
2018-03-02T14:00:57.7282160-05:00 [INFO]: Ending the quest because no players joined.
2018-03-02T14:00:57.7323520-05:00 [INFO]: Quest has been fully reset and ended.
2018-03-02T14:00:57.7353650-05:00 [INFO]: Loading player: 3
2018-03-02T14:00:58.1118570-05:00 [INFO]: Cleaning cards from stages.
2018-03-02T14:00:58.1266840-05:00 [INFO]: Drawing a story card...
2018-03-02T14:00:58.1304820-05:00 [INFO]: A event card was drawn: Prosperity Throughout the Realm
2018-03-02T14:00:58.1341040-05:00 [INFO]: There are too many cards in Player 3's hand, they must discard or play.
2018-03-02T14:00:58.1378490-05:00 [INFO]: There are too many cards in Player 3's hand, they must discard or play.
2018-03-02T14:01:13.6923860-05:00 [INFO]: Player 3 discarded: Sword
2018-03-02T14:01:13.6938640-05:00 [INFO]: Player 3 discarded: Sword
2018-03-02T14:01:13.6967140-05:00 [INFO]: Player 3 discarded: Sword
2018-03-02T14:01:13.6982570-05:00 [INFO]: Player 3 discarded: Sword
2018-03-02T14:01:13.6998000-05:00 [INFO]: Player 3 discarded: Sword
2018-03-02T14:01:13.7011500-05:00 [INFO]: Handling event card: Prosperity Throughout the Realm
2018-03-02T14:01:14.7584510-05:00 [INFO]: A story card has already been drawn.
